##########################################################

For MacOS or Linux, use this command to create SSH tunnel:

    ssh -N -L localhost:24151:n137:52969 bsmith16@talapas-ln2.uoregon.edu

Or try this if that doesn't work:

    ssh -N -L localhost:24151:n137:52969 bsmith16@talapas-ln2.uoregon.edu

For Windows/MobaXterm, use this info:

    Forwarded port: 24151
    Remote server: n137
    Remote port: 52969
    SSH server: talapas-ln2.uoregon.edu
    SSH login: bsmith16
    SSH port: 22

Then use this URL to access Jupyter (NOT the one in the log below):

    http://localhost:24151

##########################################################
[I 13:23:48.033 NotebookApp] [nb_conda_kernels] enabled, 13 kernels found
[W 13:23:51.169 NotebookApp] WARNING: The notebook server is listening on all IP addresses and not using encryption. This is not recommended.
[I 13:23:51.413 NotebookApp] [jupyter_nbextensions_configurator] enabled 0.4.1
/home/bsmith16/.conda/envs/jupyter_base_env/lib/python3.9/site-packages/jupyter_server/transutils.py:13: FutureWarning: The alias `_()` will be deprecated. Use `_i18n()` instead.
  warnings.warn(warn_msg, FutureWarning)
[W 2022-11-17 13:23:53.041 LabApp] Config option `kernel_spec_manager_class` not recognized by `LabApp`.
[W 2022-11-17 13:23:53.048 LabApp] 'port' has moved from NotebookApp to ServerApp. This config will be passed to ServerApp. Be sure to update your config before our next release.
[W 2022-11-17 13:23:53.049 LabApp] 'port_retries' has moved from NotebookApp to ServerApp. This config will be passed to ServerApp. Be sure to update your config before our next release.
[W 2022-11-17 13:23:53.049 LabApp] 'ip' has moved from NotebookApp to ServerApp. This config will be passed to ServerApp. Be sure to update your config before our next release.
[W 2022-11-17 13:23:53.049 LabApp] 'shutdown_no_activity_timeout' has moved from NotebookApp to ServerApp. This config will be passed to ServerApp. Be sure to update your config before our next release.
[W 2022-11-17 13:23:53.049 LabApp] 'shutdown_no_activity_timeout' has moved from NotebookApp to ServerApp. This config will be passed to ServerApp. Be sure to update your config before our next release.
[W 2022-11-17 13:23:53.049 LabApp] 'shutdown_no_activity_timeout' has moved from NotebookApp to ServerApp. This config will be passed to ServerApp. Be sure to update your config before our next release.
[W 2022-11-17 13:23:53.049 LabApp] 'password' has moved from NotebookApp to ServerApp. This config will be passed to ServerApp. Be sure to update your config before our next release.
[W 2022-11-17 13:23:53.051 LabApp] Config option `kernel_spec_manager_class` not recognized by `LabApp`.
[I 2022-11-17 13:23:53.070 LabApp] JupyterLab extension loaded from /home/bsmith16/.conda/envs/jupyter_base_env/lib/python3.9/site-packages/jupyterlab
[I 2022-11-17 13:23:53.070 LabApp] JupyterLab application directory is /gpfs/projects/sanlab/bsmith16/.conda/envs/jupyter_base_env/share/jupyter/lab
[I 13:23:53.087 NotebookApp] Will shut down after 600 seconds with no kernels or terminals.
[I 13:23:53.088 NotebookApp] Serving notebooks from local directory: /gpfs/projects/sanlab/shared/DEV/DEV_scripts/fMRI/fx/models/SST/direct_regression
[I 13:23:53.088 NotebookApp] Jupyter Notebook 6.3.0 is running at:
[I 13:23:53.088 NotebookApp] http://n137:52969/
[I 13:23:53.088 NotebookApp] Use Control-C to stop this server and shut down all kernels (twice to skip confirmation).
[I 13:23:56.150 NotebookApp] 302 GET / (172.20.13.244) 1.270000ms
[I 13:23:56.163 NotebookApp] 302 GET /tree? (172.20.13.244) 1.360000ms
[I 13:24:00.841 NotebookApp] 302 POST /login?next=%2Ftree%3F (172.20.13.244) 2.500000ms
[W 13:24:43.357 NotebookApp] Config option `template_path` not recognized by `ExporterCollapsibleHeadings`.  Did you mean one of: `extra_template_paths, template_name, template_paths`?
[W 13:24:43.401 NotebookApp] Config option `template_path` not recognized by `ExporterCollapsibleHeadings`.  Did you mean one of: `extra_template_paths, template_name, template_paths`?
[W 13:24:43.491 NotebookApp] Config option `template_path` not recognized by `TocExporter`.  Did you mean one of: `extra_template_paths, template_name, template_paths`?
[W 13:24:43.507 NotebookApp] Config option `template_path` not recognized by `TocExporter`.  Did you mean one of: `extra_template_paths, template_name, template_paths`?
[W 13:24:43.567 NotebookApp] Config option `template_path` not recognized by `LenvsHTMLExporter`.  Did you mean one of: `extra_template_paths, template_name, template_paths`?
[W 13:24:43.594 NotebookApp] Config option `template_path` not recognized by `LenvsHTMLExporter`.  Did you mean one of: `extra_template_paths, template_name, template_paths`?
[W 13:24:43.635 NotebookApp] Config option `template_path` not recognized by `LenvsTocHTMLExporter`.  Did you mean one of: `extra_template_paths, template_name, template_paths`?
[W 13:24:43.662 NotebookApp] Config option `template_path` not recognized by `LenvsTocHTMLExporter`.  Did you mean one of: `extra_template_paths, template_name, template_paths`?
[W 13:24:43.747 NotebookApp] Config option `template_path` not recognized by `LenvsLatexExporter`.  Did you mean one of: `extra_template_paths, template_name, template_paths`?
[W 13:24:43.812 NotebookApp] Config option `template_path` not recognized by `LenvsLatexExporter`.  Did you mean one of: `extra_template_paths, template_name, template_paths`?
[W 13:24:44.124 NotebookApp] Config option `template_path` not recognized by `LenvsSlidesExporter`.  Did you mean one of: `extra_template_paths, template_name, template_paths`?
[W 13:24:44.137 NotebookApp] Config option `template_path` not recognized by `LenvsSlidesExporter`.  Did you mean one of: `extra_template_paths, template_name, template_paths`?
[W 13:24:44.264 NotebookApp] Config option `template_path` not recognized by `ExporterCollapsibleHeadings`.  Did you mean one of: `extra_template_paths, template_name, template_paths`?
[W 13:24:44.278 NotebookApp] Config option `template_path` not recognized by `ExporterCollapsibleHeadings`.  Did you mean one of: `extra_template_paths, template_name, template_paths`?
[W 13:24:44.336 NotebookApp] Config option `template_path` not recognized by `TocExporter`.  Did you mean one of: `extra_template_paths, template_name, template_paths`?
[W 13:24:44.346 NotebookApp] Config option `template_path` not recognized by `TocExporter`.  Did you mean one of: `extra_template_paths, template_name, template_paths`?
[W 13:24:44.366 NotebookApp] Config option `template_path` not recognized by `LenvsHTMLExporter`.  Did you mean one of: `extra_template_paths, template_name, template_paths`?
[W 13:24:44.383 NotebookApp] Config option `template_path` not recognized by `LenvsHTMLExporter`.  Did you mean one of: `extra_template_paths, template_name, template_paths`?
[W 13:24:44.410 NotebookApp] Config option `template_path` not recognized by `LenvsTocHTMLExporter`.  Did you mean one of: `extra_template_paths, template_name, template_paths`?
[W 13:24:44.428 NotebookApp] Config option `template_path` not recognized by `LenvsTocHTMLExporter`.  Did you mean one of: `extra_template_paths, template_name, template_paths`?
[W 13:24:44.481 NotebookApp] Config option `template_path` not recognized by `LenvsLatexExporter`.  Did you mean one of: `extra_template_paths, template_name, template_paths`?
[W 13:24:44.491 NotebookApp] Config option `template_path` not recognized by `LenvsLatexExporter`.  Did you mean one of: `extra_template_paths, template_name, template_paths`?
[W 13:24:44.662 NotebookApp] Config option `template_path` not recognized by `LenvsSlidesExporter`.  Did you mean one of: `extra_template_paths, template_name, template_paths`?
[W 13:24:44.671 NotebookApp] Config option `template_path` not recognized by `LenvsSlidesExporter`.  Did you mean one of: `extra_template_paths, template_name, template_paths`?
[W 13:24:45.795 NotebookApp] Notebook get_all_series_notebook.ipynb is not trusted
[I 13:24:46.360 NotebookApp] Kernel started: deeb6999-f716-4366-ba7e-acb39ff3d3e9, name: python3
[W 13:24:46.397 NotebookApp] 404 GET /nbextensions/widgets/notebook/js/extension.js?v=20221117132348 (172.20.13.244) 18.820000ms referer=http://localhost:24151/notebooks/get_all_series_notebook.ipynb
[I 13:26:46.371 NotebookApp] Saving file at /get_all_series_notebook.ipynb
[W 13:26:46.374 NotebookApp] Notebook get_all_series_notebook.ipynb is not trusted
[W 13:38:21.193 NotebookApp] Config option `template_path` not recognized by `ExporterCollapsibleHeadings`.  Did you mean one of: `extra_template_paths, template_name, template_paths`?
[W 13:38:21.215 NotebookApp] Config option `template_path` not recognized by `ExporterCollapsibleHeadings`.  Did you mean one of: `extra_template_paths, template_name, template_paths`?
[W 13:38:21.300 NotebookApp] Config option `template_path` not recognized by `TocExporter`.  Did you mean one of: `extra_template_paths, template_name, template_paths`?
[W 13:38:21.316 NotebookApp] Config option `template_path` not recognized by `TocExporter`.  Did you mean one of: `extra_template_paths, template_name, template_paths`?
[W 13:38:21.346 NotebookApp] Config option `template_path` not recognized by `LenvsHTMLExporter`.  Did you mean one of: `extra_template_paths, template_name, template_paths`?
[W 13:38:21.372 NotebookApp] Config option `template_path` not recognized by `LenvsHTMLExporter`.  Did you mean one of: `extra_template_paths, template_name, template_paths`?
[W 13:38:21.413 NotebookApp] Config option `template_path` not recognized by `LenvsTocHTMLExporter`.  Did you mean one of: `extra_template_paths, template_name, template_paths`?
[W 13:38:21.439 NotebookApp] Config option `template_path` not recognized by `LenvsTocHTMLExporter`.  Did you mean one of: `extra_template_paths, template_name, template_paths`?
[W 13:38:21.519 NotebookApp] Config option `template_path` not recognized by `LenvsLatexExporter`.  Did you mean one of: `extra_template_paths, template_name, template_paths`?
[W 13:38:21.533 NotebookApp] Config option `template_path` not recognized by `LenvsLatexExporter`.  Did you mean one of: `extra_template_paths, template_name, template_paths`?
[W 13:38:21.748 NotebookApp] Config option `template_path` not recognized by `LenvsSlidesExporter`.  Did you mean one of: `extra_template_paths, template_name, template_paths`?
[W 13:38:21.759 NotebookApp] Config option `template_path` not recognized by `LenvsSlidesExporter`.  Did you mean one of: `extra_template_paths, template_name, template_paths`?
[W 13:38:21.883 NotebookApp] Config option `template_path` not recognized by `ExporterCollapsibleHeadings`.  Did you mean one of: `extra_template_paths, template_name, template_paths`?
[W 13:38:21.897 NotebookApp] Config option `template_path` not recognized by `ExporterCollapsibleHeadings`.  Did you mean one of: `extra_template_paths, template_name, template_paths`?
[W 13:38:21.953 NotebookApp] Config option `template_path` not recognized by `TocExporter`.  Did you mean one of: `extra_template_paths, template_name, template_paths`?
[W 13:38:21.963 NotebookApp] Config option `template_path` not recognized by `TocExporter`.  Did you mean one of: `extra_template_paths, template_name, template_paths`?
[W 13:38:21.983 NotebookApp] Config option `template_path` not recognized by `LenvsHTMLExporter`.  Did you mean one of: `extra_template_paths, template_name, template_paths`?
[W 13:38:22.000 NotebookApp] Config option `template_path` not recognized by `LenvsHTMLExporter`.  Did you mean one of: `extra_template_paths, template_name, template_paths`?
[W 13:38:22.026 NotebookApp] Config option `template_path` not recognized by `LenvsTocHTMLExporter`.  Did you mean one of: `extra_template_paths, template_name, template_paths`?
[W 13:38:22.040 NotebookApp] Config option `template_path` not recognized by `LenvsTocHTMLExporter`.  Did you mean one of: `extra_template_paths, template_name, template_paths`?
[W 13:38:22.080 NotebookApp] Config option `template_path` not recognized by `LenvsLatexExporter`.  Did you mean one of: `extra_template_paths, template_name, template_paths`?
[W 13:38:22.087 NotebookApp] Config option `template_path` not recognized by `LenvsLatexExporter`.  Did you mean one of: `extra_template_paths, template_name, template_paths`?
[W 13:38:22.241 NotebookApp] Config option `template_path` not recognized by `LenvsSlidesExporter`.  Did you mean one of: `extra_template_paths, template_name, template_paths`?
[W 13:38:22.249 NotebookApp] Config option `template_path` not recognized by `LenvsSlidesExporter`.  Did you mean one of: `extra_template_paths, template_name, template_paths`?
[W 13:38:29.734 NotebookApp] Notebook get_all_series_demo.ipynb is not trusted
[W 13:38:29.895 NotebookApp] 404 GET /nbextensions/widgets/notebook/js/extension.js?v=20221117132348 (172.20.13.244) 3.840000ms referer=http://localhost:24151/notebooks/get_all_series_demo.ipynb
[I 13:38:30.278 NotebookApp] Kernel started: 0977e9be-fdc4-425e-8822-24751578334d, name: python3
[I 13:40:30.379 NotebookApp] Saving file at /get_all_series_demo.ipynb
[W 13:40:30.380 NotebookApp] Notebook get_all_series_demo.ipynb is not trusted
[I 13:42:41.059 NotebookApp] Starting buffering for deeb6999-f716-4366-ba7e-acb39ff3d3e9:dbbdbce52a4d4193924c6fc7c58aa245
[I 13:42:42.232 NotebookApp] Kernel shutdown: deeb6999-f716-4366-ba7e-acb39ff3d3e9
[I 13:42:42.685 NotebookApp] Kernel started: 7b1e32bf-1db7-48a0-b3ab-8ed8c5db5430, name: conda-env-.conda-neuralsignature-py
CONDA_PREFIX=/home/bsmith16/.conda/envs/neuralsignature
[I 13:42:46.348 NotebookApp] Saving file at /get_all_series_notebook.ipynb
[W 13:42:46.351 NotebookApp] Notebook get_all_series_notebook.ipynb is not trusted
[I 13:44:46.361 NotebookApp] Saving file at /get_all_series_notebook.ipynb
[I 13:49:16.360 NotebookApp] Saving file at /config.yml
[I 13:49:29.570 NotebookApp] Starting buffering for 7b1e32bf-1db7-48a0-b3ab-8ed8c5db5430:dbbdbce52a4d4193924c6fc7c58aa245
[I 13:49:30.194 NotebookApp] Kernel restarted: 7b1e32bf-1db7-48a0-b3ab-8ed8c5db5430
[I 13:49:30.245 NotebookApp] Restoring connection for 7b1e32bf-1db7-48a0-b3ab-8ed8c5db5430:dbbdbce52a4d4193924c6fc7c58aa245
[W 13:49:34.766 NotebookApp] Nudge: attempt 10 on kernel 7b1e32bf-1db7-48a0-b3ab-8ed8c5db5430
CONDA_PREFIX=/home/bsmith16/.conda/envs/neuralsignature
[W 13:49:39.781 NotebookApp] Nudge: attempt 20 on kernel 7b1e32bf-1db7-48a0-b3ab-8ed8c5db5430
[I 13:49:42.282 NotebookApp] Replaying 3 buffered messages
[I 13:50:36.670 NotebookApp] Starting buffering for 0977e9be-fdc4-425e-8822-24751578334d:acd5560f4be84257b4843a450e217156
[I 13:50:46.366 NotebookApp] Saving file at /get_all_series_notebook.ipynb
[I 13:52:01.708 NotebookApp] Saving file at /config.yml
[I 13:52:07.912 NotebookApp] Starting buffering for 7b1e32bf-1db7-48a0-b3ab-8ed8c5db5430:dbbdbce52a4d4193924c6fc7c58aa245
[I 13:52:08.538 NotebookApp] Kernel restarted: 7b1e32bf-1db7-48a0-b3ab-8ed8c5db5430
[I 13:52:08.574 NotebookApp] Restoring connection for 7b1e32bf-1db7-48a0-b3ab-8ed8c5db5430:dbbdbce52a4d4193924c6fc7c58aa245
CONDA_PREFIX=/home/bsmith16/.conda/envs/neuralsignature
[W 13:52:13.088 NotebookApp] Nudge: attempt 10 on kernel 7b1e32bf-1db7-48a0-b3ab-8ed8c5db5430
[I 13:52:14.067 NotebookApp] Replaying 3 buffered messages
[I 13:52:46.322 NotebookApp] Saving file at /get_all_series_notebook.ipynb
[I 13:53:19.152 NotebookApp] Saving file at /config.yml
[I 13:53:28.348 NotebookApp] Starting buffering for 7b1e32bf-1db7-48a0-b3ab-8ed8c5db5430:dbbdbce52a4d4193924c6fc7c58aa245
[I 13:53:28.976 NotebookApp] Kernel restarted: 7b1e32bf-1db7-48a0-b3ab-8ed8c5db5430
[I 13:53:29.090 NotebookApp] Restoring connection for 7b1e32bf-1db7-48a0-b3ab-8ed8c5db5430:dbbdbce52a4d4193924c6fc7c58aa245
CONDA_PREFIX=/home/bsmith16/.conda/envs/neuralsignature
[I 13:53:32.487 NotebookApp] Replaying 3 buffered messages
[I 13:54:25.481 NotebookApp] Kernel interrupted: 7b1e32bf-1db7-48a0-b3ab-8ed8c5db5430
[I 13:54:46.330 NotebookApp] Saving file at /get_all_series_notebook.ipynb
[I 13:56:46.324 NotebookApp] Saving file at /get_all_series_notebook.ipynb
[I 13:58:46.327 NotebookApp] Saving file at /get_all_series_notebook.ipynb
[I 14:00:46.324 NotebookApp] Saving file at /get_all_series_notebook.ipynb
[I 14:02:46.364 NotebookApp] Saving file at /get_all_series_notebook.ipynb
[I 14:04:46.340 NotebookApp] Saving file at /get_all_series_notebook.ipynb
[I 14:10:48.403 NotebookApp] Saving file at /get_all_series_notebook.ipynb
[I 14:33:53.940 NotebookApp] Kernel shutdown: 0977e9be-fdc4-425e-8822-24751578334d
[I 14:33:54.250 NotebookApp] Kernel shutdown: 7b1e32bf-1db7-48a0-b3ab-8ed8c5db5430
[W 14:33:55.292 NotebookApp] 404 DELETE /api/sessions/9f24bd0b-7e2a-48c9-b275-762e21c6708c (172.20.13.244): Session not found: session_id='9f24bd0b-7e2a-48c9-b275-762e21c6708c'
[W 14:33:55.293 NotebookApp] Session not found: session_id='9f24bd0b-7e2a-48c9-b275-762e21c6708c'
[W 14:33:55.293 NotebookApp] 404 DELETE /api/sessions/9f24bd0b-7e2a-48c9-b275-762e21c6708c (172.20.13.244) 2.190000ms referer=http://localhost:24151/notebooks/get_all_series_notebook.ipynb
[I 14:44:53.133 NotebookApp] No kernels or terminals for 657 seconds; shutting down.
[I 14:44:53.136 NotebookApp] Shutting down 0 kernels
[I 14:44:53.137 NotebookApp] Shutting down 0 terminals
