01/19/22 18:50:29
running python script ml-ns_on_self_report_batch.py with arguments -m
arg pass maskpath is: /gpfs/projects/sanlab/shared/DEV/nonbids_data/fMRI/ml/masks/response_inhibition_related/negative emotions_association-test_z_FDR_0.01.nii.gz
regression_var is: TESQ_E_suppression
sourcepath is: /SST/Brain_Data_conditions_84subs_correct_stop_w_supplementary.pkl
outpath is: /gpfs/projects/sanlab/shared/DEV/nonbids_data/fMRI/ml/SST/regress_sr_TESQ_E_suppression/correct_stop/regress_sr_TESQ_E_suppression_84subs_negative emotions_association-test_z_FDR_0.pkl
python initialized for apply_loocv_and_save
40 36
40
arg pass maskpath is: /gpfs/projects/sanlab/shared/DEV/nonbids_data/fMRI/ml/masks/response_inhibition_related/negative emotions_association-test_z_FDR_0.01.nii.gz
regression_var is: TESQ_E_suppression
sourcepath is: /SST/Brain_Data_conditions_84subs_correct_stop_w_supplementary.pkl
outpath is: /gpfs/projects/sanlab/shared/DEV/nonbids_data/fMRI/ml/SST/regress_sr_TESQ_E_suppression/correct_stop/regress_sr_TESQ_E_suppression_84subs_negative emotions_association-test_z_FDR_0.pkl
<IPython.core.display.Markdown object>
checked for intersection and no intersection between the brain data and the subjects was found.
there were 55 subjects overlapping between the subjects marked for train data and the training dump file itself.
test_train_set: 9549
brain_data_filepath: 168
pkl_file: 168
train_test_markers_filepath: 141
response_transform_func: 136
sys: 72
clean: 60
Brain_Data_allsubs: 48
subjs_to_use: 16
75
81
starting LeaveOneOut
finished preprocessing
Groups are the same.
fold 1 of 75
In order to test on a training group of 74 items, holding out the following subjects:['DEV217']. prepping fold data.... fitting.... 610.9 MiB. trying decoder 1 of 1. 