10/14/21 19:39:42
running python script rsa_within_subject.py
python initialized for apply_loocv_and_save
16
checked for intersection and no intersection between the brain data and the subjects was found.
there were 15 subjects overlapping between the subjects marked for train data and the training dump file itself.
anterior MPFC
DEV005, ...DEV006, ...DEV009, ...DEV010, ...DEV012, ...DEV013, ...DEV014, ...DEV015, ...DEV016, ...DEV017, ...DEV018, ...DEV019, ...DEV021, ...DEV022, ...DEV023, ...            correct-go  correct-go, correct-stop  ...  statistic    pvalue
similarity    0.045976                  0.054992  ...  -2.990026  0.002809
similarity    0.097568                  0.103251  ...  -1.664142  0.096136
similarity    0.119821                       NaN  ...        NaN       NaN
similarity    0.041187                  0.038754  ...   1.497413  0.134341
similarity    0.076987                       NaN  ...        NaN       NaN
similarity    0.103743                  0.109773  ...  -1.556129  0.119735
similarity    0.039133                  0.040038  ...  -0.408339  0.683039
similarity    0.055128                  0.057162  ...  -0.824648  0.409611
similarity    0.296630                  0.300349  ...  -0.522111  0.601613
similarity    0.074591                  0.089564  ...  -2.867694  0.004153
similarity    0.023225                  0.025118  ...  -1.325015  0.185216
similarity    0.126755                  0.114815  ...   3.562679  0.000370
similarity    0.043953                  0.048614  ...  -2.081573  0.037431
similarity    0.107430                  0.091824  ...   4.087586  0.000044
similarity    0.028825                  0.031641  ...  -1.856692  0.063406

[15 rows x 5 columns]
Fusiform/parahippocampus
DEV005, ...DEV006, ...DEV009, ...DEV010, ...DEV012, ...DEV013, ...DEV014, ...DEV015, ...DEV016, ...DEV017, ...DEV018, ...DEV019, ...DEV021, ...DEV022, ...DEV023, ...            correct-go  correct-go, correct-stop  ...  statistic    pvalue
similarity    0.045807                  0.055736  ...  -3.050152  0.002304
similarity    0.076183                  0.075689  ...   0.355321  0.722361
similarity    0.062423                       NaN  ...        NaN       NaN
similarity    0.030098                  0.029960  ...   0.215355  0.829498
similarity    0.058576                       NaN  ...        NaN       NaN
similarity    0.017540                  0.018145  ...  -0.591807  0.554004
similarity    0.029736                  0.031535  ...  -1.149510  0.250391
similarity    0.054124                  0.056864  ...  -1.163435  0.244708
similarity    0.184975                  0.177949  ...   1.308181  0.190864
similarity    0.078078                  0.097808  ...  -3.637429  0.000278
similarity    0.012212                  0.013598  ...  -1.088455  0.276437
similarity    0.072609                  0.070509  ...   1.320783  0.186621
similarity    0.031303                  0.034963  ...  -2.034287  0.041974
similarity    0.135823                  0.121606  ...   3.005539  0.002665
similarity    0.019737                  0.022716  ...  -2.150586  0.031550

[15 rows x 5 columns]
DMPFC
DEV005, ...DEV006, ...DEV009, ...DEV010, ...DEV012, ...DEV013, ...DEV014, ...DEV015, ...DEV016, ...DEV017, ...DEV018, ...DEV019, ...DEV021, ...DEV022, ...DEV023, ...            correct-go  correct-go, correct-stop  ...  statistic    pvalue
similarity    0.019970                  0.024706  ...  -2.567686  0.010278
similarity    0.109943                  0.118383  ...  -2.327684  0.019962
similarity    0.072327                       NaN  ...        NaN       NaN
similarity    0.044753                  0.042870  ...   1.093991  0.274005
similarity    0.056440                       NaN  ...        NaN       NaN
similarity    0.094888                  0.099518  ...  -1.316612  0.188024
similarity    0.039693                  0.041073  ...  -0.695973  0.486473
similarity    0.056570                  0.059865  ...  -1.415084  0.157105
similarity    0.234309                  0.238092  ...  -0.617258  0.537089
similarity    0.060342                  0.073994  ...  -2.894584  0.003814
similarity    0.020609                  0.021455  ...  -0.491059  0.623402
similarity    0.217484                  0.191387  ...   4.834968  0.000001
similarity    0.015733                  0.017361  ...  -1.213486  0.225000
similarity    0.113937                  0.102620  ...   2.845421  0.004454
similarity    0.026677                  0.029330  ...  -1.760983  0.078294

[15 rows x 5 columns]
Sensorimotor/Postcentral Gyrus
DEV005, ...DEV006, ...DEV009, ...DEV010, ...DEV012, ...DEV013, ...DEV014, ...DEV015, ...DEV016, ...DEV017, ...DEV018, ...DEV019, ...DEV021, ...DEV022, ...DEV023, ...            correct-go  correct-go, correct-stop  ...  statistic        pvalue
similarity    0.025555                  0.030141  ...  -2.096685  3.609166e-02
similarity    0.086456                  0.092148  ...  -1.807680  7.070650e-02
similarity    0.076839                       NaN  ...        NaN           NaN
similarity    0.045582                  0.044991  ...   0.373974  7.084373e-01
similarity    0.053139                       NaN  ...        NaN           NaN
similarity    0.050345                  0.048950  ...   0.754873  4.503578e-01
similarity    0.036154                  0.040348  ...  -2.399782  1.643515e-02
similarity    0.061523                  0.064139  ...  -0.864233  3.875008e-01
similarity    0.085156                  0.085113  ...  -0.044958  9.641419e-01
similarity    0.067445                  0.082425  ...  -3.030000  2.458436e-03
similarity    0.012205                  0.013337  ...  -0.896970  3.697702e-01
similarity    0.108718                  0.093519  ...   4.944870  7.815989e-07
similarity    0.022330                  0.026150  ...  -2.384519  1.713746e-02
similarity    0.112369                  0.100222  ...   2.907605  3.658598e-03
similarity    0.035079                  0.038108  ...  -1.744273  8.116460e-02

[15 rows x 5 columns]
V1
DEV005, ...DEV006, ...DEV009, ...DEV010, ...DEV012, ...DEV013, ...DEV014, ...DEV015, ...DEV016, ...DEV017, ...DEV018, ...DEV019, ...DEV021, ...DEV022, ...DEV023, ...            correct-go  correct-go, correct-stop  ...  statistic    pvalue
similarity    0.045278                  0.048026  ...  -0.894036  0.371363
similarity    0.106341                  0.103563  ...   1.049051  0.294197
similarity    0.103129                       NaN  ...        NaN       NaN
similarity    0.046979                  0.044599  ...   1.386382  0.165685
similarity    0.086244                       NaN  ...        NaN       NaN
similarity    0.031978                  0.031791  ...   0.161823  0.871451
similarity    0.062242                  0.067015  ...  -1.913084  0.055785
similarity    0.063210                  0.065384  ...  -0.892963  0.371919
similarity    0.232205                  0.234370  ...  -0.379012  0.704693
similarity    0.082918                  0.097961  ...  -2.708220  0.006788
similarity    0.025659                  0.026866  ...  -0.866879  0.386043
similarity    0.087847                  0.078734  ...   3.754697  0.000175
similarity    0.035073                  0.040259  ...  -2.564494  0.010361
similarity    0.111477                  0.101341  ...   2.613701  0.008984
similarity    0.085997                  0.095344  ...  -2.936308  0.003335

[15 rows x 5 columns]
TPJ posterior supra marginal/angular gyrus
DEV005, ...DEV006, ...DEV009, ...DEV010, ...DEV012, ...DEV013, ...DEV014, ...DEV015, ...DEV016, ...DEV017, ...DEV018, ...DEV019, ...DEV021, ...DEV022, ...DEV023, ...            correct-go  correct-go, correct-stop  ...  statistic    pvalue
similarity    0.045281                  0.052629  ...  -2.351172  0.018769
similarity    0.093732                  0.096166  ...  -0.597908  0.549924
similarity    0.095249                       NaN  ...        NaN       NaN
similarity    0.035946                  0.034586  ...   1.014791  0.310249
similarity    0.055511                       NaN  ...        NaN       NaN
similarity    0.032699                  0.032590  ...   0.122639  0.902397
similarity    0.033094                  0.036235  ...  -1.903674  0.057000
similarity    0.061324                  0.062925  ...  -0.626815  0.530809
similarity    0.108596                  0.106598  ...   0.548506  0.583366
similarity    0.070921                  0.087383  ...  -3.196788  0.001399
similarity    0.017255                  0.019706  ...  -2.057167  0.039713
similarity    0.094066                  0.084413  ...   3.538162  0.000406
similarity    0.077202                  0.087740  ...  -3.161842  0.001577
similarity    0.120331                  0.113901  ...   1.537310  0.124283
similarity    0.025158                  0.027783  ...  -1.729433  0.083785

[15 rows x 5 columns]
PCC/precuneus
DEV005, ...DEV006, ...DEV009, ...DEV010, ...DEV012, ...DEV013, ...DEV014, ...DEV015, ...DEV016, ...DEV017, ...DEV018, ...DEV019, ...DEV021, ...DEV022, ...DEV023, ...            correct-go  correct-go, correct-stop  ...  statistic    pvalue
similarity    0.039332                  0.045381  ...  -2.054477  0.040002
similarity    0.089241                  0.088781  ...   0.289193  0.772444
similarity    0.071755                       NaN  ...        NaN       NaN
similarity    0.061899                  0.058837  ...   1.391607  0.164096
similarity    0.050449                       NaN  ...        NaN       NaN
similarity    0.014444                  0.014782  ...  -0.370093  0.711328
similarity    0.025295                  0.027329  ...  -1.320680  0.186659
similarity    0.054005                  0.056395  ...  -1.013581  0.310831
similarity    0.095427                  0.094508  ...   0.275067  0.783275
similarity    0.073066                  0.090712  ...  -3.373997  0.000747
similarity    0.012771                  0.014116  ...  -1.192223  0.233220
similarity    0.070048                  0.064749  ...   2.563333  0.010390
similarity    0.017314                  0.018924  ...  -1.167075  0.243234
similarity    0.110506                  0.102712  ...   2.050734  0.040347
similarity    0.037411                  0.041865  ...  -2.449037  0.014353

[15 rows x 5 columns]
Thalamus
DEV005, ...DEV006, ...DEV009, ...DEV010, ...DEV012, ...DEV013, ...DEV014, ...DEV015, ...DEV016, ...DEV017, ...DEV018, ...DEV019, ...DEV021, ...DEV022, ...DEV023, ...            correct-go  correct-go, correct-stop  ...  statistic    pvalue
similarity    0.086513                  0.095487  ...  -1.798610  0.072165
similarity    0.073755                  0.072542  ...   0.655210  0.512358
similarity    0.068623                       NaN  ...        NaN       NaN
similarity    0.029002                  0.029547  ...  -0.249886  0.802685
similarity    0.044325                       NaN  ...        NaN       NaN
similarity    0.023696                  0.022745  ...   0.829288  0.406978
similarity    0.040566                  0.041408  ...  -0.332434  0.739573
similarity    0.067441                  0.071739  ...  -1.642623  0.100523
similarity    0.092132                  0.090618  ...   0.480149  0.631140
similarity    0.082306                  0.097616  ...  -2.783893  0.005392
similarity    0.016933                  0.018356  ...  -1.039647  0.298545
similarity    0.065834                  0.066003  ...   0.459818  0.645663
similarity    0.030956                  0.034958  ...  -2.212679  0.026963
similarity    0.116915                  0.106687  ...   2.450128  0.014316
similarity    0.021331                  0.024463  ...  -2.299749  0.021498

[15 rows x 5 columns]
SMA
DEV005, ...DEV006, ...DEV009, ...DEV010, ...DEV012, ...DEV013, ...DEV014, ...DEV015, ...DEV016, ...DEV017, ...DEV018, ...DEV019, ...DEV021, ...DEV022, ...DEV023, ...            correct-go  correct-go, correct-stop  ...  statistic    pvalue
similarity    0.024302                  0.029435  ...  -2.309385  0.020979
similarity    0.071075                  0.071980  ...  -0.114194  0.909088
similarity    0.068594                       NaN  ...        NaN       NaN
similarity    0.028176                  0.026584  ...   1.190286  0.233984
similarity    0.041475                       NaN  ...        NaN       NaN
similarity    0.027151                  0.025271  ...   1.502179  0.133109
similarity    0.022235                  0.024096  ...  -1.330282  0.183476
similarity    0.060708                  0.063264  ...  -0.988654  0.322880
similarity    0.102124                  0.101662  ...   0.111074  0.911562
similarity    0.063533                  0.078867  ...  -3.154113  0.001620
similarity    0.017116                  0.018991  ...  -1.425278  0.154128
similarity    0.073234                  0.065120  ...   3.715755  0.000204
similarity    0.020085                  0.021080  ...  -0.683598  0.494260
similarity    0.109940                  0.100919  ...   2.294987  0.021776
similarity    0.019443                  0.021538  ...  -1.500458  0.133551

[15 rows x 5 columns]
Precentral Gyrus
DEV005, ...DEV006, ...DEV009, ...DEV010, ...DEV012, ...DEV013, ...DEV014, ...DEV015, ...DEV016, ...DEV017, ...DEV018, ...DEV019, ...DEV021, ...DEV022, ...DEV023, ...            correct-go  correct-go, correct-stop  ...  statistic    pvalue
similarity    0.038189                  0.045843  ...  -2.780636  0.005454
similarity    0.131364                  0.136543  ...  -1.180727  0.237758
similarity    0.086310                       NaN  ...        NaN       NaN
similarity    0.037943                  0.034596  ...   2.034657  0.041932
similarity    0.057579                       NaN  ...        NaN       NaN
similarity    0.095629                  0.097987  ...  -0.694001  0.487711
similarity    0.032255                  0.032937  ...  -0.350848  0.725715
similarity    0.061719                  0.063098  ...  -0.409107  0.682478
similarity    0.121054                  0.121398  ...  -0.144665  0.884980
similarity    0.064339                  0.075685  ...  -2.354271  0.018599
similarity    0.019022                  0.020407  ...  -0.981574  0.326349
similarity    0.139021                  0.124861  ...   3.969401  0.000073
similarity    0.036713                  0.044931  ...  -4.056443  0.000051
similarity    0.123578                  0.118921  ...   1.042736  0.297123
similarity    0.032006                  0.035266  ...  -1.919493  0.054971

[15 rows x 5 columns]
Cerebellum (VI
DEV005, ...DEV006, ...DEV009, ...DEV010, ...DEV012, ...DEV013, ...DEV014, ...DEV015, ...DEV016, ...DEV017, ...DEV018, ...DEV019, ...DEV021, ...DEV022, ...DEV023, ...            correct-go  correct-go, correct-stop  ...  statistic    pvalue
similarity    0.072469                  0.077343  ...  -1.145031  0.252273
similarity    0.059654                  0.060200  ...  -0.065502  0.947777
similarity    0.079033                       NaN  ...        NaN       NaN
similarity    0.029506                  0.029906  ...  -0.107370  0.914499
similarity    0.059867                       NaN  ...        NaN       NaN
similarity    0.023167                  0.021882  ...   1.108015  0.267904
similarity    0.033443                  0.036270  ...  -1.760560  0.078364
similarity    0.072592                  0.074311  ...  -0.556661  0.577784
similarity    0.254771                  0.255183  ...  -0.093916  0.925179
similarity    0.073797                  0.089523  ...  -2.966028  0.003031
similarity    0.021828                  0.023700  ...  -1.310362  0.190123
similarity    0.062660                  0.058853  ...   2.176403  0.029562
similarity    0.027096                  0.027737  ...  -0.401908  0.687769
similarity    0.105721                  0.098414  ...   1.864663  0.062289
similarity    0.025911                  0.028343  ...  -1.562531  0.118218

[15 rows x 5 columns]
Temporal Occipital Fusiform
DEV005, ...DEV006, ...DEV009, ...DEV010, ...DEV012, ...DEV013, ...DEV014, ...DEV015, ...DEV016, ...DEV017, ...DEV018, ...DEV019, ...DEV021, ...DEV022, ...DEV023, ...            correct-go  correct-go, correct-stop  ...  statistic    pvalue
similarity    0.039386                  0.043835  ...  -1.644648  0.100131
similarity    0.112967                  0.109473  ...   1.126414  0.260035
similarity    0.072936                       NaN  ...        NaN       NaN
similarity    0.032049                  0.029864  ...   1.544056  0.122631
similarity    0.063774                       NaN  ...        NaN       NaN
similarity    0.061550                  0.064576  ...  -1.286772  0.198228
similarity    0.049295                  0.053029  ...  -1.725511  0.084487
similarity    0.067401                  0.068009  ...  -0.125525  0.900113
similarity    0.165846                  0.163992  ...   0.338083  0.735313
similarity    0.085471                  0.107085  ...  -3.775405  0.000162
similarity    0.029072                  0.030435  ...  -0.856734  0.391625
similarity    0.080685                  0.075338  ...   2.306042  0.021140
similarity    0.036413                  0.039157  ...  -1.320482  0.186733
similarity    0.142140                  0.129316  ...   2.707123  0.006811
similarity    0.029657                  0.032495  ...  -1.707640  0.087757

[15 rows x 5 columns]
Amygdala
DEV005, ...DEV006, ...DEV009, ...DEV010, ...DEV012, ...DEV013, ...DEV014, ...DEV015, ...DEV016, ...DEV017, ...DEV018, ...DEV019, ...DEV021, ...DEV022, ...DEV023, ...            correct-go  correct-go, correct-stop  ...  statistic    pvalue
similarity    0.027446                  0.032420  ...  -2.203234  0.027642
similarity    0.084154                  0.079459  ...   2.069523  0.038540
similarity    0.063595                       NaN  ...        NaN       NaN
similarity    0.036698                  0.034702  ...   1.320888  0.186592
similarity    0.080128                       NaN  ...        NaN       NaN
similarity    0.024866                  0.024996  ...  -0.098028  0.921913
similarity    0.036558                  0.040002  ...  -1.934541  0.053094
similarity    0.056417                  0.056942  ...  -0.196179  0.844478
similarity    0.119276                  0.120486  ...  -0.356020  0.721838
similarity    0.078990                  0.087458  ...  -1.585268  0.112971
similarity    0.027232                  0.030355  ...  -2.097395  0.036000
similarity    0.110417                  0.097829  ...   4.345023  0.000014
similarity    0.053963                  0.057179  ...  -1.267358  0.205085
similarity    0.132689                  0.118601  ...   3.099603  0.001949
similarity    0.037399                  0.039678  ...  -1.204190  0.228566

[15 rows x 5 columns]
Superior Temporal Gyrus
DEV005, ...DEV006, ...DEV009, ...DEV010, ...DEV012, ...DEV013, ...DEV014, ...DEV015, ...DEV016, ...DEV017, ...DEV018, ...DEV019, ...DEV021, ...DEV022, ...DEV023, ...            correct-go  correct-go, correct-stop  ...  statistic    pvalue
similarity    0.029075                  0.032946  ...  -1.673251  0.094365
similarity    0.082776                  0.085178  ...  -0.782305  0.434066
similarity    0.085895                       NaN  ...        NaN       NaN
similarity    0.050566                  0.046864  ...   1.856678  0.063409
similarity    0.066030                       NaN  ...        NaN       NaN
similarity    0.032048                  0.032813  ...  -0.516389  0.605603
similarity    0.030287                  0.034463  ...  -2.682222  0.007334
similarity    0.056974                  0.061205  ...  -1.753057  0.079653
similarity    0.118863                  0.120912  ...  -0.625738  0.531512
similarity    0.073740                  0.086991  ...  -2.539695  0.011126
similarity    0.016505                  0.018058  ...  -1.254400  0.209745
similarity    0.078846                  0.077610  ...   1.049382  0.294042
similarity    0.059407                  0.063924  ...  -1.651595  0.098678
similarity    0.123125                  0.118919  ...   1.057299  0.290428
similarity    0.025653                  0.027156  ...  -0.948098  0.343119

[15 rows x 5 columns]
 white matter
DEV005, ...DEV006, ...DEV009, ...DEV010, ...DEV012, ...DEV013, ...DEV014, ...DEV015, ...DEV016, ...DEV017, ...DEV018, ...DEV019, ...DEV021, ...DEV022, ...DEV023, ...            correct-go  correct-go, correct-stop  ...  statistic    pvalue
similarity    0.021779                  0.027675  ...  -2.797900  0.005171
similarity    0.082310                  0.084172  ...  -0.538915  0.589965
similarity    0.066425                       NaN  ...        NaN       NaN
similarity    0.031609                  0.030432  ...   0.888957  0.374064
similarity    0.046319                       NaN  ...        NaN       NaN
similarity    0.026318                  0.025446  ...   0.707953  0.479005
similarity    0.024698                  0.025812  ...  -0.673228  0.500828
similarity    0.045368                  0.047245  ...  -0.801673  0.422780
similarity    0.147006                  0.147511  ...  -0.158603  0.873987
similarity    0.066411                  0.083263  ...  -3.387112  0.000712
similarity    0.007501                  0.008251  ...  -0.659328  0.509710
similarity    0.099249                  0.089720  ...   3.460066  0.000544
similarity    0.015708                  0.017535  ...  -1.339252  0.180548
similarity    0.110249                  0.100223  ...   2.585959  0.009740
similarity    0.023757                  0.027085  ...  -2.233475  0.025556

[15 rows x 5 columns]
TPJ anterior supra marginal gyrus/Parietal operculum
DEV005, ...DEV006, ...DEV009, ...DEV010, ...DEV012, ...DEV013, ...DEV014, ...DEV015, ...DEV016, ...DEV017, ...DEV018, ...DEV019, ...DEV021, ...DEV022, ...DEV023, ...            correct-go  correct-go, correct-stop  ...  statistic    pvalue
similarity    0.036222                  0.041991  ...  -2.204563  0.027548
similarity    0.062714                  0.064226  ...  -0.444485  0.656708
similarity    0.089722                       NaN  ...        NaN       NaN
similarity    0.047910                  0.047539  ...   0.310835  0.755938
similarity    0.040427                       NaN  ...        NaN       NaN
similarity    0.027307                  0.025932  ...   1.194591  0.232299
similarity    0.037326                  0.040453  ...  -1.716360  0.086148
similarity    0.055767                  0.059237  ...  -1.433153  0.151876
similarity    0.129927                  0.130544  ...  -0.220116  0.825788
similarity    0.074397                  0.093481  ...  -3.660980  0.000254
similarity    0.014428                  0.015990  ...  -1.225440  0.220457
similarity    0.076638                  0.069628  ...   3.020429  0.002534
similarity    0.044980                  0.049578  ...  -2.058477  0.039595
similarity    0.104785                  0.097365  ...   1.994738  0.046127
similarity    0.024454                  0.026346  ...  -1.294787  0.195446

[15 rows x 5 columns]
mid insula
DEV005, ...DEV006, ...DEV009, ...DEV010, ...DEV012, ...DEV013, ...DEV014, ...DEV015, ...DEV016, ...DEV017, ...DEV018, ...DEV019, ...DEV021, ...DEV022, ...DEV023, ...            correct-go  correct-go, correct-stop  ...  statistic    pvalue
similarity    0.029201                  0.035593  ...  -2.644367  0.008220
similarity    0.072133                  0.070662  ...   0.884059  0.376700
similarity    0.076771                       NaN  ...        NaN       NaN
similarity    0.033214                  0.032388  ...   0.630569  0.528348
similarity    0.065400                       NaN  ...        NaN       NaN
similarity    0.033323                  0.034854  ...  -1.090351  0.275606
similarity    0.023694                  0.024053  ...  -0.048122  0.961620
similarity    0.063715                  0.064927  ...  -0.335671  0.737133
similarity    0.082626                  0.084003  ...  -0.571652  0.567580
similarity    0.074150                  0.091291  ...  -3.224145  0.001272
similarity    0.011919                  0.013116  ...  -1.029289  0.303385
similarity    0.086208                  0.083053  ...   1.557902  0.119307
similarity    0.038218                  0.042209  ...  -1.915884  0.055435
similarity    0.112213                  0.105143  ...   1.794727  0.072759
similarity    0.021159                  0.023947  ...  -1.947462  0.051528

[15 rows x 5 columns]
putamen
DEV005, ...DEV006, ...DEV009, ...DEV010, ...DEV012, ...DEV013, ...DEV014, ...DEV015, ...DEV016, ...DEV017, ...DEV018, ...DEV019, ...DEV021, ...DEV022, ...DEV023, ...            correct-go  correct-go, correct-stop  ...  statistic    pvalue
similarity    0.020486                  0.028029  ...  -3.661760  0.000254
similarity    0.065065                  0.065932  ...  -0.192007  0.847743
similarity    0.084600                       NaN  ...        NaN       NaN
similarity    0.026855                  0.027362  ...  -0.219942  0.825924
similarity    0.052843                       NaN  ...        NaN       NaN
similarity    0.019156                  0.019751  ...  -0.504686  0.613800
similarity    0.030460                  0.031993  ...  -0.870950  0.383816
similarity    0.065379                  0.068827  ...  -1.191838  0.233381
similarity    0.086081                  0.088393  ...  -0.887729  0.374724
similarity    0.065845                  0.079275  ...  -2.691921  0.007129
similarity    0.012448                  0.013479  ...  -0.776918  0.437238
similarity    0.070592                  0.071528  ...   0.238212  0.811725
similarity    0.021600                  0.024306  ...  -1.793500  0.072952
similarity    0.120562                  0.108659  ...   2.794514  0.005218
similarity    0.025417                  0.027586  ...  -1.448764  0.147458

[15 rows x 5 columns]
Dorsal Anterior Insula
DEV005, ...DEV006, ...DEV009, ...DEV010, ...DEV012, ...DEV013, ...DEV014, ...DEV015, ...DEV016, ...DEV017, ...DEV018, ...DEV019, ...DEV021, ...DEV022, ...DEV023, ...            correct-go  correct-go, correct-stop  ...  statistic    pvalue
similarity    0.040557                  0.046720  ...  -2.233586  0.025572
similarity    0.086824                  0.089200  ...  -0.712317  0.476296
similarity    0.089670                       NaN  ...        NaN       NaN
similarity    0.051143                  0.051925  ...  -0.223388  0.823241
similarity    0.096822                       NaN  ...        NaN       NaN
similarity    0.066445                  0.062809  ...   1.520649  0.128406
similarity    0.054174                  0.055882  ...  -0.695469  0.486789
similarity    0.061057                  0.062976  ...  -0.667729  0.504337
similarity    0.126844                  0.124683  ...   0.518923  0.603834
similarity    0.072232                  0.088140  ...  -3.087766  0.002028
similarity    0.030591                  0.034579  ...  -2.620868  0.008792
similarity    0.065946                  0.064407  ...   1.037775  0.299414
similarity    0.035676                  0.041748  ...  -3.139498  0.001702
similarity    0.138355                  0.126847  ...   2.390440  0.016866
similarity    0.036825                  0.041044  ...  -2.281065  0.022581

[15 rows x 5 columns]
PCC/Superior LOC
DEV005, ...DEV006, ...DEV009, ...DEV010, ...DEV012, ...DEV013, ...DEV014, ...DEV015, ...DEV016, ...DEV017, ...DEV018, ...DEV019, ...DEV021, ...DEV022, ...DEV023, ...            correct-go  correct-go, correct-stop  ...  statistic    pvalue
similarity    0.029151                  0.035161  ...  -2.564208  0.010382
similarity    0.073639                  0.073281  ...   0.262109  0.793246
similarity    0.103271                       NaN  ...        NaN       NaN
similarity    0.030154                  0.028212  ...   1.441009  0.149637
similarity    0.045643                       NaN  ...        NaN       NaN
similarity    0.021646                  0.020132  ...   1.462584  0.143639
similarity    0.031666                  0.034045  ...  -1.443584  0.148908
similarity    0.055702                  0.057650  ...  -0.807963  0.419150
similarity    0.119350                  0.118127  ...   0.290651  0.771329
similarity    0.080749                  0.096490  ...  -2.883589  0.003949
similarity    0.016968                  0.018297  ...  -1.045068  0.296033
similarity    0.101183                  0.096807  ...   1.840208  0.065785
similarity    0.024106                  0.026839  ...  -1.745892  0.080889
similarity    0.116305                  0.107974  ...   2.029694  0.042442
similarity    0.029805                  0.033218  ...  -2.115229  0.034453

[15 rows x 5 columns]
Lateral Occipital/Temporal Occibpital (V2)
DEV005, ...DEV006, ...DEV009, ...DEV010, ...DEV012, ...DEV013, ...DEV014, ...DEV015, ...DEV016, ...DEV017, ...DEV018, ...DEV019, ...DEV021, ...DEV022, ...DEV023, ...            correct-go  correct-go, correct-stop  ...  statistic    pvalue
similarity    0.042594                  0.046326  ...  -1.297792  0.194443
similarity    0.066043                  0.066798  ...  -0.133776  0.893584
similarity    0.091131                       NaN  ...        NaN       NaN
similarity    0.051575                  0.046288  ...   2.738561  0.006190
similarity    0.066641                       NaN  ...        NaN       NaN
similarity    0.024596                  0.023367  ...   1.121077  0.262304
similarity    0.047285                  0.049215  ...  -0.950200  0.342049
similarity    0.045980                  0.050247  ...  -2.182079  0.029150
similarity    0.211090                  0.209761  ...   0.187638  0.851167
similarity    0.076831                  0.094039  ...  -3.254884  0.001142
similarity    0.034570                  0.035785  ...  -0.679704  0.496718
similarity    0.110282                  0.106400  ...   1.587592  0.112429
similarity    0.037796                  0.043121  ...  -2.588791  0.009658
similarity    0.132462                  0.123611  ...   1.908132  0.056433
similarity    0.035047                  0.040591  ...  -3.098526  0.001954

[15 rows x 5 columns]
(Dataset incomplete)
DEV005, ...DEV006, ...DEV009, ...DEV010, ...DEV012, ...DEV013, ...DEV014, ...DEV015, ...DEV016, ...DEV017, ...DEV018, ...DEV019, ...DEV021, ...DEV022, ...DEV023, ...            correct-go  correct-go, correct-stop  ...  statistic    pvalue
similarity    0.037982                  0.049661  ...  -4.404935  0.000011
similarity    0.073416                  0.073865  ...   0.132680  0.894451
similarity    0.111210                       NaN  ...        NaN       NaN
similarity    0.045409                  0.041826  ...   1.989945  0.046645
similarity    0.062681                       NaN  ...        NaN       NaN
similarity    0.029231                  0.026424  ...   2.248226  0.024602
similarity    0.031733                  0.035303  ...  -2.124807  0.033644
similarity    0.044908                  0.049531  ...  -2.398915  0.016480
similarity    0.099712                  0.101467  ...  -0.590672  0.554763
similarity    0.100087                  0.122570  ...  -3.547164  0.000393
similarity    0.019785                  0.021927  ...  -1.867865  0.061829
similarity    0.069957                  0.066235  ...   2.056413  0.039784
similarity    0.031916                  0.036484  ...  -2.436692  0.014856
similarity    0.121164                  0.113171  ...   1.864951  0.062249
similarity    0.139573                  0.147099  ...  -1.476537  0.139854

[15 rows x 5 columns]
dACC
DEV005, ...DEV006, ...DEV009, ...DEV010, ...DEV012, ...DEV013, ...DEV014, ...DEV015, ...DEV016, ...DEV017, ...DEV018, ...DEV019, ...DEV021, ...DEV022, ...DEV023, ...            correct-go  correct-go, correct-stop  ...  statistic        pvalue
similarity    0.039167                  0.046776  ...  -2.795747  5.205690e-03
similarity    0.080934                  0.081135  ...   0.091424  9.271585e-01
similarity    0.100466                       NaN  ...        NaN           NaN
similarity    0.034520                  0.034383  ...   0.210799  8.330513e-01
similarity    0.089675                       NaN  ...        NaN           NaN
similarity    0.081680                  0.083204  ...  -0.469430  6.387809e-01
similarity    0.050907                  0.053896  ...  -1.324054  1.855356e-01
similarity    0.055416                  0.054861  ...   0.600292  5.483384e-01
similarity    0.214738                  0.215092  ...  -0.099140  9.210307e-01
similarity    0.079420                  0.094996  ...  -2.906111  3.676088e-03
similarity    0.050363                  0.050850  ...   0.035285  9.718538e-01
similarity    0.148599                  0.126314  ...   5.391224  7.251172e-08
similarity    0.034475                  0.039209  ...  -2.349552  1.883360e-02
similarity    0.138560                  0.134798  ...   0.927374  3.537788e-01
similarity    0.044833                  0.047679  ...  -1.437184  1.507200e-01

[15 rows x 5 columns]
anterior fronto-parietal (dlpfc and dacc)
DEV005, ...DEV006, ...DEV009, ...DEV010, ...DEV012, ...DEV013, ...DEV014, ...DEV015, ...DEV016, ...DEV017, ...DEV018, ...DEV019, ...DEV021, ...DEV022, ...DEV023, ...            correct-go  correct-go, correct-stop  ...  statistic    pvalue
similarity    0.022616                  0.027649  ...  -2.394786  0.016681
similarity    0.101695                  0.107887  ...  -1.764106  0.077765
similarity    0.085808                       NaN  ...        NaN       NaN
similarity    0.041064                  0.039430  ...   1.028014  0.303987
similarity    0.046519                       NaN  ...        NaN       NaN
similarity    0.072448                  0.076578  ...  -1.469805  0.141672
similarity    0.033066                  0.035148  ...  -1.201164  0.229735
similarity    0.046927                  0.047646  ...  -0.294062  0.768723
similarity    0.218820                  0.219850  ...  -0.200285  0.841265
similarity    0.078348                  0.094511  ...  -2.916787  0.003553
similarity    0.015517                  0.015015  ...   0.632310  0.527208
similarity    0.164196                  0.148893  ...   3.686270  0.000229
similarity    0.015944                  0.018120  ...  -1.662181  0.096537
similarity    0.103241                  0.093368  ...   2.656382  0.007924
similarity    0.027800                  0.029536  ...  -1.060322  0.289042

[15 rows x 5 columns]
Intercalcarine cortex
DEV005, ...DEV006, ...DEV009, ...DEV010, ...DEV012, ...DEV013, ...DEV014, ...DEV015, ...DEV016, ...DEV017, ...DEV018, ...DEV019, ...DEV021, ...DEV022, ...DEV023, ...            correct-go  correct-go, correct-stop  ...  statistic    pvalue
similarity    0.043979                  0.049925  ...  -1.946532  0.051669
similarity    0.080036                  0.078333  ...   0.867926  0.385469
similarity    0.072758                       NaN  ...        NaN       NaN
similarity    0.040367                  0.038511  ...   1.184687  0.236191
similarity    0.054530                       NaN  ...        NaN       NaN
similarity    0.017278                  0.016021  ...   1.379303  0.167858
similarity    0.028045                  0.029963  ...  -1.195437  0.231964
similarity    0.054947                  0.053781  ...   0.623821  0.532773
similarity    0.249894                  0.243704  ...   0.861339  0.389087
similarity    0.079118                  0.099169  ...  -3.674216  0.000241
similarity    0.015348                  0.016417  ...  -0.905156  0.365419
similarity    0.075141                  0.070897  ...   2.155172  0.031186
similarity    0.025754                  0.027979  ...  -1.350551  0.176899
similarity    0.117734                  0.108915  ...   2.152456  0.031411
similarity    0.031917                  0.036623  ...  -2.776095  0.005519

[15 rows x 5 columns]
Anterior vlpfc
DEV005, ...DEV006, ...DEV009, ...DEV010, ...DEV012, ...DEV013, ...DEV014, ...DEV015, ...DEV016, ...DEV017, ...DEV018, ...DEV019, ...DEV021, ...DEV022, ...DEV023, ...            correct-go  correct-go, correct-stop  ...  statistic        pvalue
similarity    0.016517                  0.021600  ...  -2.859995  4.261085e-03
similarity    0.085550                  0.088815  ...  -1.060499  2.889604e-01
similarity    0.072440                       NaN  ...        NaN           NaN
similarity    0.057130                  0.056482  ...   0.406534  6.843659e-01
similarity    0.060025                       NaN  ...        NaN           NaN
similarity    0.074818                  0.075434  ...  -0.254280  7.992885e-01
similarity    0.032653                  0.033695  ...  -0.550642  5.818995e-01
similarity    0.054281                  0.056744  ...  -0.997227  3.187023e-01
similarity    0.176450                  0.172877  ...   0.653361  5.135493e-01
similarity    0.072560                  0.089243  ...  -3.215945  1.308693e-03
similarity    0.016837                  0.017149  ...  -0.098462  9.215686e-01
similarity    0.222609                  0.194117  ...   5.134309  2.916413e-07
similarity    0.018112                  0.020076  ...  -1.442324  1.492718e-01
similarity    0.119875                  0.111687  ...   2.053291  4.009786e-02
similarity    0.044419                  0.046875  ...  -1.203107  2.289842e-01

[15 rows x 5 columns]
(Dataset incomplete)
DEV005, ...DEV006, ...DEV009, ...DEV010, ...DEV012, ...DEV013, ...DEV014, ...DEV015, ...DEV016, ...DEV017, ...DEV018, ...DEV019, ...DEV021, ...DEV022, ...DEV023, ...            correct-go  correct-go, correct-stop  ...  statistic    pvalue
similarity    0.031191                  0.039835  ...  -3.603186  0.000319
similarity    0.108220                  0.110084  ...  -0.411095  0.681017
similarity    0.127402                       NaN  ...        NaN       NaN
similarity    0.042313                  0.041525  ...   0.527318  0.597994
similarity    0.067012                       NaN  ...        NaN       NaN
similarity    0.054759                  0.048995  ...   2.634325  0.008454
similarity    0.036724                  0.040233  ...  -1.960365  0.049999
similarity    0.054405                  0.057373  ...  -1.279981  0.200611
similarity    0.128864                  0.130381  ...  -0.449363  0.653187
similarity    0.071371                  0.086513  ...  -2.892011  0.003845
similarity    0.023769                  0.025934  ...  -1.558964  0.119057
similarity    0.101752                  0.091270  ...   3.715626  0.000204
similarity    0.034034                  0.038855  ...  -2.598776  0.009382
similarity    0.117535                  0.105750  ...   2.886532  0.003912
similarity    0.032923                  0.035981  ...  -1.835018  0.066554

[15 rows x 5 columns]
Left IFG
DEV005, ...DEV006, ...DEV009, ...DEV010, ...DEV012, ...DEV013, ...DEV014, ...DEV015, ...DEV016, ...DEV017, ...DEV018, ...DEV019, ...DEV021, ...DEV022, ...DEV023, ...            correct-go  correct-go, correct-stop  ...  statistic    pvalue
similarity    0.023318                  0.028872  ...  -2.613774  0.008992
similarity    0.082988                  0.082764  ...   0.209499  0.834066
similarity    0.069496                       NaN  ...        NaN       NaN
similarity    0.043000                  0.040786  ...   1.288123  0.197756
similarity    0.065467                       NaN  ...        NaN       NaN
similarity    0.097458                  0.096973  ...   0.098295  0.921701
similarity    0.037984                  0.039265  ...  -0.640441  0.521910
similarity    0.047538                  0.048859  ...  -0.717169  0.473303
similarity    0.149404                  0.147700  ...   0.311566  0.755382
similarity    0.072189                  0.083183  ...  -2.128262  0.033366
similarity    0.023965                  0.025388  ...  -0.994545  0.319997
similarity    0.097337                  0.086462  ...   3.847568  0.000120
similarity    0.023842                  0.026586  ...  -1.795931  0.072564
similarity    0.122448                  0.106430  ...   3.548928  0.000390
similarity    0.035220                  0.037812  ...  -1.500619  0.133509

[15 rows x 5 columns]
Hippocampus
DEV005, ...DEV006, ...DEV009, ...DEV010, ...DEV012, ...DEV013, ...DEV014, ...DEV015, ...DEV016, ...DEV017, ...DEV018, ...DEV019, ...DEV021, ...DEV022, ...DEV023, ...            correct-go  correct-go, correct-stop  ...  statistic    pvalue
similarity    0.035788                  0.044930  ...  -3.300525  0.000975
similarity    0.061945                  0.060389  ...   0.947815  0.343262
similarity    0.064068                       NaN  ...        NaN       NaN
similarity    0.033466                  0.032941  ...   0.458311  0.646746
similarity    0.050580                       NaN  ...        NaN       NaN
similarity    0.018101                  0.018476  ...  -0.311683  0.755293
similarity    0.032654                  0.033458  ...  -0.434916  0.663639
similarity    0.065642                  0.068548  ...  -1.066244  0.286364
similarity    0.099422                  0.100802  ...  -0.436259  0.662665
similarity    0.072278                  0.088169  ...  -3.078729  0.002090
similarity    0.017706                  0.019402  ...  -1.119047  0.263164
similarity    0.095131                  0.091766  ...   1.675569  0.093872
similarity    0.020512                  0.022775  ...  -1.530432  0.125971
similarity    0.130746                  0.116403  ...   3.099172  0.001952
similarity    0.026140                  0.030367  ...  -2.726713  0.006416

[15 rows x 5 columns]
Dorsal Caudate
DEV005, ...DEV006, ...DEV009, ...DEV010, ...DEV012, ...DEV013, ...DEV014, ...DEV015, ...DEV016, ...DEV017, ...DEV018, ...DEV019, ...DEV021, ...DEV022, ...DEV023, ...            correct-go  correct-go, correct-stop  ...  statistic    pvalue
similarity    0.027456                  0.034726  ...  -3.049386  0.002310
similarity    0.094809                  0.102809  ...  -2.418513  0.015614
similarity    0.056442                       NaN  ...        NaN       NaN
similarity    0.034891                  0.033853  ...   0.729922  0.465468
similarity    0.046244                       NaN  ...        NaN       NaN
similarity    0.025736                  0.025589  ...   0.128584  0.897692
similarity    0.024843                  0.025966  ...  -0.751095  0.452625
similarity    0.089646                  0.090769  ...  -0.231945  0.816590
similarity    0.098387                  0.097804  ...   0.140532  0.888244
similarity    0.072430                  0.088560  ...  -3.138467  0.001709
similarity    0.012028                  0.013189  ...  -0.965909  0.334128
similarity    0.099788                  0.089624  ...   3.677852  0.000237
similarity    0.023341                  0.025064  ...  -1.108634  0.267640
similarity    0.127288                  0.111598  ...   3.438852  0.000589
similarity    0.042885                  0.043341  ...  -0.164625  0.869245

[15 rows x 5 columns]
(Dataset incomplete)
DEV005, ...DEV006, ...DEV009, ...DEV010, ...DEV012, ...DEV013, ...DEV014, ...DEV015, ...DEV016, ...DEV017, ...DEV018, ...DEV019, ...DEV021, ...DEV022, ...DEV023, ...            correct-go  correct-go, correct-stop  ...  statistic    pvalue
similarity    0.032680                  0.042490  ...  -3.491790  0.000486
similarity    0.088666                  0.088061  ...   0.349526  0.726707
similarity    0.093954                       NaN  ...        NaN       NaN
similarity    0.058021                  0.056926  ...   0.538660  0.590143
similarity    0.058367                       NaN  ...        NaN       NaN
similarity    0.055394                  0.054371  ...   0.481459  0.630210
similarity    0.041341                  0.042008  ...  -0.293348  0.769267
similarity    0.064517                  0.067377  ...  -1.013970  0.310646
similarity    0.110643                  0.109664  ...   0.238093  0.811817
similarity    0.073730                  0.090838  ...  -3.218908  0.001295
similarity    0.030082                  0.030930  ...  -0.425708  0.670336
similarity    0.113791                  0.103884  ...   3.329235  0.000876
similarity    0.023194                  0.026934  ...  -2.448512  0.014378
similarity    0.122020                  0.115035  ...   1.667403  0.095499
similarity    0.027373                  0.030621  ...  -2.207109  0.027346

[15 rows x 5 columns]
(Dataset incomplete)
DEV005, ...DEV006, ...DEV009, ...DEV010, ...DEV012, ...DEV013, ...DEV014, ...DEV015, ...DEV016, ...DEV017, ...DEV018, ...DEV019, ...DEV021, ...DEV022, ...DEV023, ...            correct-go  correct-go, correct-stop  ...  statistic    pvalue
similarity    0.030614                  0.041790  ...  -4.584074  0.000005
similarity    0.105396                  0.110792  ...  -1.462399  0.143684
similarity    0.096446                       NaN  ...        NaN       NaN
similarity    0.034057                  0.033778  ...   0.292344  0.770034
similarity    0.060500                       NaN  ...        NaN       NaN
similarity    0.024387                  0.024353  ...   0.065722  0.947601
similarity    0.028371                  0.031821  ...  -2.372503  0.017699
similarity    0.078628                  0.079471  ...  -0.298298  0.765488
similarity    0.201018                  0.196063  ...   0.832186  0.405339
similarity    0.090262                  0.107334  ...  -2.869667  0.004127
similarity    0.031263                  0.032880  ...  -1.002904  0.315947
similarity    0.090560                  0.085437  ...   2.092312  0.036450
similarity    0.035991                  0.037455  ...  -0.740457  0.459056
similarity    0.121517                  0.110672  ...   2.634942  0.008442
similarity    0.034720                  0.038596  ...  -2.246167  0.024731

[15 rows x 5 columns]
vmPFC
DEV005, ...DEV006, ...DEV009, ...DEV010, ...DEV012, ...DEV013, ...DEV014, ...DEV015, ...DEV016, ...DEV017, ...DEV018, ...DEV019, ...DEV021, ...DEV022, ...DEV023, ...            correct-go  correct-go, correct-stop  ...  statistic        pvalue
similarity    0.023548                  0.029066  ...  -2.621636  8.788038e-03
similarity    0.100950                  0.104977  ...  -1.061973  2.882907e-01
similarity    0.050226                       NaN  ...        NaN           NaN
similarity    0.030244                  0.029590  ...   0.602160  5.470918e-01
similarity    0.075651                       NaN  ...        NaN           NaN
similarity    0.060234                  0.066630  ...  -2.695178  7.056653e-03
similarity    0.029007                  0.029842  ...  -0.470925  6.377113e-01
similarity    0.065219                  0.068690  ...  -1.293363  1.959447e-01
similarity    0.117465                  0.119180  ...  -0.530949  5.954743e-01
similarity    0.076864                  0.093070  ...  -2.972589  2.967519e-03
similarity    0.039684                  0.040857  ...  -0.380226  7.037912e-01
similarity    0.121687                  0.104859  ...   4.994758  6.048970e-07
similarity    0.036151                  0.039631  ...  -1.732463  8.325104e-02
similarity    0.109880                  0.100053  ...   2.588093  9.679680e-03
similarity    0.033448                  0.033822  ...  -0.106269  9.153726e-01

[15 rows x 5 columns]
(Dataset incomplete)
DEV005, ...DEV006, ...DEV009, ...DEV010, ...DEV012, ...DEV013, ...DEV014, ...DEV015, ...DEV016, ...DEV017, ...DEV018, ...DEV019, ...DEV021, ...DEV022, ...DEV023, ...            correct-go  correct-go, correct-stop  ...  statistic    pvalue
similarity    0.036200                  0.044893  ...  -3.112387  0.001870
similarity    0.067867                  0.069582  ...  -0.526240  0.598741
similarity    0.099758                       NaN  ...        NaN       NaN
similarity    0.045630                  0.043576  ...   1.147046  0.251411
similarity    0.046048                       NaN  ...        NaN       NaN
similarity    0.023430                  0.022796  ...   0.588083  0.556501
similarity    0.035706                  0.037943  ...  -1.284002  0.199191
similarity    0.047164                  0.047379  ...   0.065870  0.947484
similarity    0.127729                  0.121582  ...   1.563849  0.117908
similarity    0.077260                  0.094758  ...  -3.266483  0.001096
similarity    0.017058                  0.018116  ...  -0.743681  0.457098
similarity    0.079241                  0.077679  ...   1.114553  0.265084
similarity    0.025119                  0.027741  ...  -1.637717  0.101542
similarity    0.187632                  0.182312  ...   0.803639  0.421645
similarity    0.019098                  0.021212  ...  -1.578259  0.114561

[15 rows x 5 columns]
 Nacc
DEV005, ...DEV006, ...DEV009, ...DEV010, ...DEV012, ...DEV013, ...DEV014, ...DEV015, ...DEV016, ...DEV017, ...DEV018, ...DEV019, ...DEV021, ...DEV022, ...DEV023, ...            correct-go  correct-go, correct-stop  ...  statistic    pvalue
similarity    0.034222                  0.044556  ...  -3.704312  0.000215
similarity    0.093618                  0.094038  ...   0.063480  0.949387
similarity    0.051417                       NaN  ...        NaN       NaN
similarity    0.033896                  0.034778  ...  -0.385188  0.700113
similarity    0.039744                       NaN  ...        NaN       NaN
similarity    0.050350                  0.045805  ...   2.237490  0.025295
similarity    0.034209                  0.037190  ...  -1.694266  0.090267
similarity    0.062650                  0.066033  ...  -1.312995  0.189244
similarity    0.114597                  0.114806  ...  -0.099132  0.921037
similarity    0.083632                  0.104408  ...  -3.617309  0.000301
similarity    0.012835                  0.015383  ...  -2.247658  0.024634
similarity    0.112405                  0.108384  ...   1.727197  0.084181
similarity    0.023965                  0.026855  ...  -1.777448  0.075554
similarity    0.104011                  0.089236  ...   3.749510  0.000179
similarity    0.032246                  0.034626  ...  -1.433589  0.151744

[15 rows x 5 columns]
Primary Auditory
DEV005, ...DEV006, ...DEV009, ...DEV010, ...DEV012, ...DEV013, ...DEV014, ...DEV015, ...DEV016, ...DEV017, ...DEV018, ...DEV019, ...DEV021, ...DEV022, ...DEV023, ...            correct-go  correct-go, correct-stop  ...  statistic    pvalue
similarity    0.045516                  0.052657  ...  -2.218466  0.026586
similarity    0.069768                  0.070459  ...  -0.176177  0.860161
similarity    0.073106                       NaN  ...        NaN       NaN
similarity    0.030028                  0.028520  ...   1.095294  0.273435
similarity    0.063592                       NaN  ...        NaN       NaN
similarity    0.049716                  0.048480  ...   0.715251  0.474485
similarity    0.028424                  0.029671  ...  -0.734816  0.462480
similarity    0.072912                  0.072634  ...   0.150273  0.880556
similarity    0.095273                  0.094922  ...   0.043985  0.964918
similarity    0.076040                  0.088629  ...  -2.367927  0.017927
similarity    0.014163                  0.016037  ...  -1.584160  0.113209
similarity    0.080722                  0.078074  ...   1.404880  0.160106
similarity    0.088274                  0.091026  ...  -0.789199  0.430032
similarity    0.105490                  0.098553  ...   1.882643  0.059809
similarity    0.025550                  0.028691  ...  -2.004615  0.045051

[15 rows x 5 columns]
(Dataset incomplete)
DEV005, ...DEV006, ...DEV009, ...DEV010, ...DEV012, ...DEV013, ...DEV014, ...DEV015, ...DEV016, ...DEV017, ...DEV018, ...DEV019, ...DEV021, ...DEV022, ...DEV023, ...            correct-go  correct-go, correct-stop  ...  statistic    pvalue
similarity    0.026740                  0.031500  ...  -1.984634  0.047262
similarity    0.079994                  0.081391  ...  -0.280455  0.779138
similarity    0.077777                       NaN  ...        NaN       NaN
similarity    0.037760                  0.036408  ...   0.899953  0.368183
similarity    0.051754                       NaN  ...        NaN       NaN
similarity    0.031049                  0.027659  ...   2.459786  0.013933
similarity    0.022192                  0.022938  ...  -0.502079  0.615630
similarity    0.037017                  0.039218  ...  -1.305518  0.191776
similarity    0.110486                  0.110496  ...  -0.087535  0.930249
similarity    0.078580                  0.094737  ...  -2.951169  0.003181
similarity    0.015813                  0.016478  ...  -0.405142  0.685387
similarity    0.070569                  0.065953  ...   2.410661  0.015952
similarity    0.022064                  0.024351  ...  -1.476785  0.139794
similarity    0.105291                  0.093651  ...   3.096711  0.001968
similarity    0.070510                  0.074872  ...  -1.613906  0.106602

[15 rows x 5 columns]
Ventral Anterior Insula
DEV005, ...DEV006, ...DEV009, ...DEV010, ...DEV012, ...DEV013, ...DEV014, ...DEV015, ...DEV016, ...DEV017, ...DEV018, ...DEV019, ...DEV021, ...DEV022, ...DEV023, ...            correct-go  correct-go, correct-stop  ...  statistic    pvalue
similarity    0.038182                  0.044956  ...  -2.540549  0.011110
similarity    0.071404                  0.070808  ...   0.425355  0.670593
similarity    0.085600                       NaN  ...        NaN       NaN
similarity    0.055687                  0.050674  ...   2.398909  0.016476
similarity    0.064341                       NaN  ...        NaN       NaN
similarity    0.119798                  0.111270  ...   2.109301  0.034964
similarity    0.032598                  0.033569  ...  -0.456467  0.648071
similarity    0.060187                  0.062934  ...  -1.119717  0.262888
similarity    0.104250                  0.105548  ...  -0.480804  0.630674
similarity    0.075002                  0.089477  ...  -2.760993  0.005784
similarity    0.023184                  0.027351  ...  -2.998949  0.002720
similarity    0.118785                  0.108496  ...   3.315081  0.000921
similarity    0.036100                  0.040448  ...  -2.230117  0.025783
similarity    0.117402                  0.106915  ...   2.631266  0.008534
similarity    0.040898                  0.045032  ...  -2.148454  0.031719

[15 rows x 5 columns]
(Dataset incomplete)
DEV005, ...DEV006, ...DEV009, ...DEV010, ...DEV012, ...DEV013, ...DEV014, ...DEV015, ...DEV016, ...DEV017, ...DEV018, ...DEV019, ...DEV021, ...DEV022, ...DEV023, ...            correct-go  correct-go, correct-stop  ...  statistic    pvalue
similarity    0.035300                  0.042727  ...  -2.786258  0.005360
similarity    0.069901                  0.074467  ...  -1.755274  0.079264
similarity    0.076389                       NaN  ...        NaN       NaN
similarity    0.030983                  0.030431  ...   0.487828  0.625691
similarity    0.052061                       NaN  ...        NaN       NaN
similarity    0.027877                  0.024949  ...   2.381148  0.017293
similarity    0.026496                  0.028073  ...  -1.055912  0.291051
similarity    0.066932                  0.069824  ...  -1.030064  0.303029
similarity    0.169959                  0.169526  ...   0.034802  0.972239
similarity    0.070459                  0.084427  ...  -2.798384  0.005156
similarity    0.019630                  0.021355  ...  -1.462699  0.143601
similarity    0.069639                  0.066441  ...   1.755703  0.079188
similarity    0.026535                  0.028837  ...  -1.373532  0.169647
similarity    0.110326                  0.103273  ...   1.728915  0.083888
similarity    0.037970                  0.041403  ...  -1.873634  0.061031

[15 rows x 5 columns]
Superior LOC
DEV005, ...DEV006, ...DEV009, ...DEV010, ...DEV012, ...DEV013, ...DEV014, ...DEV015, ...DEV016, ...DEV017, ...DEV018, ...DEV019, ...DEV021, ...DEV022, ...DEV023, ...            correct-go  correct-go, correct-stop  ...  statistic    pvalue
similarity    0.036971                  0.046535  ...  -3.431575  0.000607
similarity    0.081187                  0.078508  ...   1.357240  0.174756
similarity    0.091420                       NaN  ...        NaN       NaN
similarity    0.027078                  0.026819  ...   0.294175  0.768635
similarity    0.045975                       NaN  ...        NaN       NaN
similarity    0.036451                  0.037560  ...  -0.613491  0.539578
similarity    0.041279                  0.045117  ...  -2.029780  0.042423
similarity    0.095679                  0.093258  ...   0.851949  0.394283
similarity    0.098821                  0.100482  ...  -0.592134  0.553784
similarity    0.089926                  0.105563  ...  -2.676591  0.007463
similarity    0.023197                  0.025239  ...  -1.455902  0.145471
similarity    0.086901                  0.086378  ...   0.905659  0.365151
similarity    0.026478                  0.028841  ...  -1.500298  0.133599
similarity    0.129869                  0.120582  ...   2.040632  0.041341
similarity    0.036846                  0.038373  ...  -0.773208  0.439431

[15 rows x 5 columns]
(Dataset incomplete)
DEV005, ...DEV006, ...DEV009, ...DEV010, ...DEV012, ...DEV013, ...DEV014, ...DEV015, ...DEV016, ...DEV017, ...DEV018, ...DEV019, ...DEV021, ...DEV022, ...DEV023, ...            correct-go  correct-go, correct-stop  ...  statistic    pvalue
similarity    0.022634                  0.026910  ...  -2.028994  0.042533
similarity    0.073704                  0.077096  ...  -1.227015  0.219865
similarity    0.100030                       NaN  ...        NaN       NaN
similarity    0.034033                  0.031164  ...   1.902811  0.057116
similarity    0.051739                       NaN  ...        NaN       NaN
similarity    0.069287                  0.068762  ...   0.238525  0.811483
similarity    0.027670                  0.029219  ...  -0.981676  0.326299
similarity    0.071472                  0.073295  ...  -0.600724  0.548051
similarity    0.119460                  0.118692  ...   0.141703  0.887320
similarity    0.071402                  0.084646  ...  -2.648726  0.008106
similarity    0.022749                  0.023663  ...  -0.535516  0.592313
similarity    0.125771                  0.110400  ...   4.416569  0.000010
similarity    0.021930                  0.026406  ...  -2.791022  0.005274
similarity    0.110951                  0.100657  ...   2.639446  0.008331
similarity    0.032916                  0.034368  ...  -0.815170  0.415009

[15 rows x 5 columns]
(Dataset incomplete)
DEV005, ...DEV006, ...DEV009, ...DEV010, ...DEV012, ...DEV013, ...DEV014, ...DEV015, ...DEV016, ...DEV017, ...DEV018, ...DEV019, ...DEV021, ...DEV022, ...DEV023, ...            correct-go  correct-go, correct-stop  ...  statistic    pvalue
similarity    0.047916                  0.052278  ...  -1.425414  0.154125
similarity    0.090547                  0.089975  ...   0.350820  0.725736
similarity    0.067591                       NaN  ...        NaN       NaN
similarity    0.036260                  0.037053  ...  -0.359078  0.719550
similarity    0.059900                       NaN  ...        NaN       NaN
similarity    0.016878                  0.017105  ...  -0.188712  0.850325
similarity    0.030421                  0.032962  ...  -1.627032  0.103783
similarity    0.056525                  0.059931  ...  -1.544313  0.122575
similarity    0.155846                  0.157634  ...  -0.434821  0.663709
similarity    0.081136                  0.100405  ...  -3.504730  0.000461
similarity    0.026576                  0.029361  ...  -1.946352  0.051658
similarity    0.070201                  0.066413  ...   2.051041  0.040304
similarity    0.017541                  0.019908  ...  -1.679085  0.093196
similarity    0.137520                  0.127006  ...   2.255072  0.024173
similarity    0.033017                  0.035132  ...  -1.190171  0.234028

[15 rows x 5 columns]
Cerebellum (Crus)
DEV005, ...DEV006, ...DEV009, ...DEV010, ...DEV012, ...DEV013, ...DEV014, ...DEV015, ...DEV016, ...DEV017, ...DEV018, ...DEV019, ...DEV021, ...DEV022, ...DEV023, ...            correct-go  correct-go, correct-stop  ...  statistic    pvalue
similarity    0.034117                  0.043016  ...  -3.641887  0.000274
similarity    0.089610                  0.090188  ...   0.083326  0.933595
similarity    0.110519                       NaN  ...        NaN       NaN
similarity    0.061564                  0.060207  ...   0.710086  0.477680
similarity    0.067009                       NaN  ...        NaN       NaN
similarity    0.024007                  0.027507  ...  -2.786932  0.005339
similarity    0.027120                  0.028498  ...  -0.944399  0.345004
similarity    0.055663                  0.057177  ...  -0.594648  0.552105
similarity    0.107559                  0.106060  ...   0.407189  0.683884
similarity    0.078957                  0.093648  ...  -2.700472  0.006948
similarity    0.026225                  0.026849  ...  -0.311490  0.755439
similarity    0.074270                  0.074680  ...   0.346008  0.729349
similarity    0.027409                  0.031729  ...  -2.380221  0.017338
similarity    0.204064                  0.205811  ...  -0.266886  0.789568
similarity    0.034341                  0.035766  ...  -0.725187  0.468366

[15 rows x 5 columns]
(Dataset incomplete)
DEV005, ...DEV006, ...DEV009, ...DEV010, ...DEV012, ...DEV013, ...DEV014, ...DEV015, ...DEV016, ...DEV017, ...DEV018, ...DEV019, ...DEV021, ...DEV022, ...DEV023, ...            correct-go  correct-go, correct-stop  ...  statistic    pvalue
similarity    0.045744                  0.046701  ...  -0.319612  0.749281
similarity    0.104258                  0.107849  ...  -0.805512  0.420556
similarity    0.081138                       NaN  ...        NaN       NaN
similarity    0.066692                  0.063497  ...   1.403315  0.160578
similarity    0.077639                       NaN  ...        NaN       NaN
similarity    0.039856                  0.040416  ...  -0.312576  0.754615
similarity    0.069372                  0.073453  ...  -1.558909  0.119071
similarity    0.061695                  0.064607  ...  -1.250560  0.211153
similarity    0.199921                  0.195289  ...   0.769587  0.441576
similarity    0.076927                  0.089260  ...  -2.362564  0.018188
similarity    0.058028                  0.059387  ...  -0.532615  0.594320
similarity    0.138266                  0.119965  ...   4.780540  0.000002
similarity    0.035495                  0.040755  ...  -2.625247  0.008684
similarity    0.170105                  0.156317  ...   2.467418  0.013643
similarity    0.062956                  0.070530  ...  -3.029396  0.002461

[15 rows x 5 columns]
DLPFC
DEV005, ...DEV006, ...DEV009, ...DEV010, ...DEV012, ...DEV013, ...DEV014, ...DEV015, ...DEV016, ...DEV017, ...DEV018, ...DEV019, ...DEV021, ...DEV022, ...DEV023, ...            correct-go  correct-go, correct-stop  ...  statistic        pvalue
similarity    0.023896                  0.028524  ...  -2.288282  2.217933e-02
similarity    0.127516                  0.136835  ...  -2.302888  2.131921e-02
similarity    0.081184                       NaN  ...        NaN           NaN
similarity    0.058652                  0.053768  ...   2.234984  2.545722e-02
similarity    0.058585                       NaN  ...        NaN           NaN
similarity    0.100360                  0.108881  ...  -2.217220  2.664910e-02
similarity    0.035247                  0.035425  ...  -0.000758  9.993955e-01
similarity    0.080068                  0.080214  ...   0.021154  9.831235e-01
similarity    0.245810                  0.244545  ...   0.150520  8.803597e-01
similarity    0.064543                  0.078486  ...  -2.986871  2.832585e-03
similarity    0.023767                  0.024283  ...  -0.242127  8.086900e-01
similarity    0.184885                  0.159968  ...   5.200781  2.046874e-07
similarity    0.020905                  0.023060  ...  -1.487103  1.370487e-01
similarity    0.112376                  0.102641  ...   2.451116  1.427647e-02
similarity    0.030967                  0.033210  ...  -1.412029  1.579954e-01

[15 rows x 5 columns]
right IFG vlpfc
DEV005, ...DEV006, ...DEV009, ...DEV010, ...DEV012, ...DEV013, ...DEV014, ...DEV015, ...DEV016, ...DEV017, ...DEV018, ...DEV019, ...DEV021, ...DEV022, ...DEV023, ...            correct-go  correct-go, correct-stop  ...  statistic    pvalue
similarity    0.028807                  0.033827  ...  -2.241546  0.025052
similarity    0.134417                  0.145506  ...  -2.550889  0.010769
similarity    0.079470                       NaN  ...        NaN       NaN
similarity    0.035945                  0.040326  ...  -2.398621  0.016489
similarity    0.062305                       NaN  ...        NaN       NaN
similarity    0.079344                  0.083093  ...  -1.255665  0.209291
similarity    0.064971                  0.066860  ...  -0.724210  0.468965
similarity    0.071588                  0.076762  ...  -1.717512  0.085947
similarity    0.178974                  0.180140  ...  -0.276671  0.782043
similarity    0.078861                  0.096178  ...  -3.141415  0.001691
similarity    0.031294                  0.032469  ...  -0.628610  0.529628
similarity    0.210136                  0.188650  ...   4.152015  0.000033
similarity    0.020087                  0.022514  ...  -1.698594  0.089456
similarity    0.117062                  0.110377  ...   1.719650  0.085560
similarity    0.033325                  0.038544  ...  -3.067831  0.002166

[15 rows x 5 columns]
inferior LOC 
DEV005, ...DEV006, ...DEV009, ...DEV010, ...DEV012, ...DEV013, ...DEV014, ...DEV015, ...DEV016, ...DEV017, ...DEV018, ...DEV019, ...DEV021, ...DEV022, ...DEV023, ...            correct-go  correct-go, correct-stop  ...  statistic    pvalue
similarity    0.039619                  0.051849  ...  -4.230307  0.000024
similarity    0.108238                  0.112179  ...  -1.027298  0.304322
similarity    0.113831                       NaN  ...        NaN       NaN
similarity    0.082030                  0.080558  ...   0.567188  0.570609
similarity    0.061293                       NaN  ...        NaN       NaN
similarity    0.038833                  0.040299  ...  -0.903270  0.366423
similarity    0.040636                  0.044077  ...  -1.885972  0.059347
similarity    0.062219                  0.068377  ...  -2.461071  0.013886
similarity    0.152096                  0.146473  ...   1.226323  0.220127
similarity    0.093142                  0.110331  ...  -2.818945  0.004838
similarity    0.030637                  0.032705  ...  -1.353894  0.175820
similarity    0.091746                  0.093210  ...  -0.053916  0.957004
similarity    0.085037                  0.094046  ...  -2.408435  0.016056
similarity    0.138846                  0.129980  ...   1.902427  0.057175
similarity    0.042578                  0.050808  ...  -4.275648  0.000019

[15 rows x 5 columns]
(Dataset incomplete)
DEV005, ...DEV006, ...DEV009, ...DEV010, ...DEV012, ...DEV013, ...DEV014, ...DEV015, ...DEV016, ...DEV017, ...DEV018, ...DEV019, ...DEV021, ...DEV022, ...DEV023, ...            correct-go  correct-go, correct-stop  ...  statistic    pvalue
similarity    0.029080                  0.035521  ...  -2.696346  0.007043
similarity    0.121889                  0.122827  ...  -0.217591  0.827755
similarity    0.118537                       NaN  ...        NaN       NaN
similarity    0.053184                  0.053495  ...  -0.013726  0.989049
similarity    0.065319                       NaN  ...        NaN       NaN
similarity    0.041029                  0.042874  ...  -1.012613  0.311290
similarity    0.034925                  0.033289  ...   1.091472  0.275109
similarity    0.083972                  0.087290  ...  -1.108814  0.267563
similarity    0.102752                  0.099701  ...   0.881648  0.378004
similarity    0.071248                  0.083733  ...  -2.488003  0.012880
similarity    0.028852                  0.028612  ...   0.311041  0.755780
similarity    0.078211                  0.073164  ...   2.153339  0.031330
similarity    0.029141                  0.031873  ...  -1.518102  0.129050
similarity    0.136526                  0.131510  ...   0.989375  0.322529
similarity    0.032143                  0.035384  ...  -1.897741  0.057780

[15 rows x 5 columns]
(Dataset incomplete)
DEV005, ...DEV006, ...DEV009, ...DEV010, ...DEV012, ...DEV013, ...DEV014, ...DEV015, ...DEV016, ...DEV017, ...DEV018, ...DEV019, ...DEV021, ...DEV022, ...DEV023, ...            correct-go  correct-go, correct-stop  ...  statistic    pvalue
similarity    0.036136                  0.045524  ...  -3.632430  0.000285
similarity    0.079224                  0.080080  ...  -0.196055  0.844573
similarity    0.141962                       NaN  ...        NaN       NaN
similarity    0.040060                  0.041698  ...  -0.705485  0.480538
similarity    0.075640                       NaN  ...        NaN       NaN
similarity    0.038745                  0.040113  ...  -0.825379  0.409192
similarity    0.044922                  0.046857  ...  -0.965062  0.334552
similarity    0.046805                  0.052585  ...  -2.795214  0.005206
similarity    0.097993                  0.098553  ...  -0.275805  0.782708
similarity    0.081854                  0.098204  ...  -2.962341  0.003068
similarity    0.027166                  0.027986  ...  -0.363529  0.716222
similarity    0.089389                  0.084969  ...   1.972451  0.048602
similarity    0.043144                  0.045599  ...  -1.099284  0.271696
similarity    0.239007                  0.234141  ...   0.684719  0.493554
similarity    0.041894                  0.049175  ...  -3.845680  0.000122

[15 rows x 5 columns]
STS
DEV005, ...DEV006, ...DEV009, ...DEV010, ...DEV012, ...DEV013, ...DEV014, ...DEV015, ...DEV016, ...DEV017, ...DEV018, ...DEV019, ...DEV021, ...DEV022, ...DEV023, ...            correct-go  correct-go, correct-stop  ...  statistic    pvalue
similarity    0.030821                  0.036875  ...  -2.635680  0.008433
similarity    0.068381                  0.068269  ...   0.231799  0.816702
similarity    0.064527                       NaN  ...        NaN       NaN
similarity    0.042808                  0.042989  ...   0.038839  0.969020
similarity    0.042365                       NaN  ...        NaN       NaN
similarity    0.019516                  0.019133  ...   0.416116  0.677341
similarity    0.032078                  0.035094  ...  -1.871855  0.061275
similarity    0.054476                  0.056362  ...  -0.751340  0.452483
similarity    0.110004                  0.109421  ...   0.100169  0.920214
similarity    0.068557                  0.083193  ...  -2.911583  0.003612
similarity    0.014622                  0.015910  ...  -1.030724  0.302711
similarity    0.095808                  0.087944  ...   2.955585  0.003132
similarity    0.021976                  0.023800  ...  -1.169110  0.242413
similarity    0.132906                  0.126611  ...   1.420875  0.155417
similarity    0.027335                  0.031053  ...  -2.419391  0.015577

[15 rows x 5 columns]
finished running script rsa_within_subject.py
10/14/21 22:52:44
