/home/bsmith16/.conda/envs/neuralsignature/lib/python3.8/site-packages/nilearn/datasets/__init__.py:87: FutureWarning: Fetchers from the nilearn.datasets module will be updated in version 0.9 to return python strings instead of bytes and Pandas dataframes instead of Numpy arrays.
  warn("Fetchers from the nilearn.datasets module will be "
/gpfs/projects/sanlab/shared/DEV/DEV_scripts/fMRI/ml/apply_loocv_and_save.py:209: SettingWithCopyWarning: 
A value is trying to be set on a copy of a slice from a DataFrame

See the caveats in the documentation: https://pandas.pydata.org/pandas-docs/stable/user_guide/indexing.html#returning-a-view-versus-a-copy
  Brain_Data_allsubs.Y[Brain_Data_allsubs.Y=='NULL']=None
/home/bsmith16/.conda/envs/neuralsignature/lib/python3.8/site-packages/nilearn/_utils/param_validation.py:197: UserWarning: Brain mask is smaller than .5% of the volume human brain. This object is probably not tuned tobe used on such data.
  screening_percentile_ = _adjust_screening_percentile(
/home/bsmith16/.conda/envs/neuralsignature/lib/python3.8/site-packages/nilearn/signal.py:58: UserWarning: Standardization of 3D signal has been requested but would lead to zero values. Skipping.
  warnings.warn('Standardization of 3D signal has been requested but '
/home/bsmith16/.conda/envs/neuralsignature/lib/python3.8/site-packages/nilearn/signal.py:58: UserWarning: Standardization of 3D signal has been requested but would lead to zero values. Skipping.
  warnings.warn('Standardization of 3D signal has been requested but '
/home/bsmith16/.conda/envs/neuralsignature/lib/python3.8/site-packages/nilearn/decoding/decoder.py:143: UserWarning: Use a custom estimator at your own risk of the process not working as intended.
  warnings.warn('Use a custom estimator at your own risk '
/home/bsmith16/.conda/envs/neuralsignature/lib/python3.8/site-packages/nilearn/_utils/param_validation.py:197: UserWarning: Brain mask is smaller than .5% of the volume human brain. This object is probably not tuned tobe used on such data.
  screening_percentile_ = _adjust_screening_percentile(
/home/bsmith16/.conda/envs/neuralsignature/lib/python3.8/site-packages/nilearn/signal.py:58: UserWarning: Standardization of 3D signal has been requested but would lead to zero values. Skipping.
  warnings.warn('Standardization of 3D signal has been requested but '
/home/bsmith16/.conda/envs/neuralsignature/lib/python3.8/site-packages/nilearn/signal.py:58: UserWarning: Standardization of 3D signal has been requested but would lead to zero values. Skipping.
  warnings.warn('Standardization of 3D signal has been requested but '
/home/bsmith16/.conda/envs/neuralsignature/lib/python3.8/site-packages/nilearn/decoding/decoder.py:143: UserWarning: Use a custom estimator at your own risk of the process not working as intended.
  warnings.warn('Use a custom estimator at your own risk '
/home/bsmith16/.conda/envs/neuralsignature/lib/python3.8/site-packages/nilearn/_utils/param_validation.py:197: UserWarning: Brain mask is smaller than .5% of the volume human brain. This object is probably not tuned tobe used on such data.
  screening_percentile_ = _adjust_screening_percentile(
/home/bsmith16/.conda/envs/neuralsignature/lib/python3.8/site-packages/nilearn/signal.py:58: UserWarning: Standardization of 3D signal has been requested but would lead to zero values. Skipping.
  warnings.warn('Standardization of 3D signal has been requested but '
/home/bsmith16/.conda/envs/neuralsignature/lib/python3.8/site-packages/nilearn/signal.py:58: UserWarning: Standardization of 3D signal has been requested but would lead to zero values. Skipping.
  warnings.warn('Standardization of 3D signal has been requested but '
/home/bsmith16/.conda/envs/neuralsignature/lib/python3.8/site-packages/nilearn/decoding/decoder.py:143: UserWarning: Use a custom estimator at your own risk of the process not working as intended.
  warnings.warn('Use a custom estimator at your own risk '
/home/bsmith16/.conda/envs/neuralsignature/lib/python3.8/site-packages/nilearn/_utils/param_validation.py:197: UserWarning: Brain mask is smaller than .5% of the volume human brain. This object is probably not tuned tobe used on such data.
  screening_percentile_ = _adjust_screening_percentile(
/home/bsmith16/.conda/envs/neuralsignature/lib/python3.8/site-packages/nilearn/signal.py:58: UserWarning: Standardization of 3D signal has been requested but would lead to zero values. Skipping.
  warnings.warn('Standardization of 3D signal has been requested but '
/home/bsmith16/.conda/envs/neuralsignature/lib/python3.8/site-packages/nilearn/signal.py:58: UserWarning: Standardization of 3D signal has been requested but would lead to zero values. Skipping.
  warnings.warn('Standardization of 3D signal has been requested but '
/home/bsmith16/.conda/envs/neuralsignature/lib/python3.8/site-packages/nilearn/decoding/decoder.py:143: UserWarning: Use a custom estimator at your own risk of the process not working as intended.
  warnings.warn('Use a custom estimator at your own risk '
/home/bsmith16/.conda/envs/neuralsignature/lib/python3.8/site-packages/nilearn/_utils/param_validation.py:197: UserWarning: Brain mask is smaller than .5% of the volume human brain. This object is probably not tuned tobe used on such data.
  screening_percentile_ = _adjust_screening_percentile(
/home/bsmith16/.conda/envs/neuralsignature/lib/python3.8/site-packages/nilearn/signal.py:58: UserWarning: Standardization of 3D signal has been requested but would lead to zero values. Skipping.
  warnings.warn('Standardization of 3D signal has been requested but '
/home/bsmith16/.conda/envs/neuralsignature/lib/python3.8/site-packages/nilearn/signal.py:58: UserWarning: Standardization of 3D signal has been requested but would lead to zero values. Skipping.
  warnings.warn('Standardization of 3D signal has been requested but '
/home/bsmith16/.conda/envs/neuralsignature/lib/python3.8/site-packages/nilearn/decoding/decoder.py:143: UserWarning: Use a custom estimator at your own risk of the process not working as intended.
  warnings.warn('Use a custom estimator at your own risk '
/home/bsmith16/.conda/envs/neuralsignature/lib/python3.8/site-packages/nilearn/_utils/param_validation.py:197: UserWarning: Brain mask is smaller than .5% of the volume human brain. This object is probably not tuned tobe used on such data.
  screening_percentile_ = _adjust_screening_percentile(
/home/bsmith16/.conda/envs/neuralsignature/lib/python3.8/site-packages/nilearn/signal.py:58: UserWarning: Standardization of 3D signal has been requested but would lead to zero values. Skipping.
  warnings.warn('Standardization of 3D signal has been requested but '
/home/bsmith16/.conda/envs/neuralsignature/lib/python3.8/site-packages/nilearn/signal.py:58: UserWarning: Standardization of 3D signal has been requested but would lead to zero values. Skipping.
  warnings.warn('Standardization of 3D signal has been requested but '
/home/bsmith16/.conda/envs/neuralsignature/lib/python3.8/site-packages/nilearn/decoding/decoder.py:143: UserWarning: Use a custom estimator at your own risk of the process not working as intended.
  warnings.warn('Use a custom estimator at your own risk '
/home/bsmith16/.conda/envs/neuralsignature/lib/python3.8/site-packages/nilearn/_utils/param_validation.py:197: UserWarning: Brain mask is smaller than .5% of the volume human brain. This object is probably not tuned tobe used on such data.
  screening_percentile_ = _adjust_screening_percentile(
/home/bsmith16/.conda/envs/neuralsignature/lib/python3.8/site-packages/nilearn/signal.py:58: UserWarning: Standardization of 3D signal has been requested but would lead to zero values. Skipping.
  warnings.warn('Standardization of 3D signal has been requested but '
/home/bsmith16/.conda/envs/neuralsignature/lib/python3.8/site-packages/nilearn/signal.py:58: UserWarning: Standardization of 3D signal has been requested but would lead to zero values. Skipping.
  warnings.warn('Standardization of 3D signal has been requested but '
/home/bsmith16/.conda/envs/neuralsignature/lib/python3.8/site-packages/nilearn/decoding/decoder.py:143: UserWarning: Use a custom estimator at your own risk of the process not working as intended.
  warnings.warn('Use a custom estimator at your own risk '
/home/bsmith16/.conda/envs/neuralsignature/lib/python3.8/site-packages/nilearn/_utils/param_validation.py:197: UserWarning: Brain mask is smaller than .5% of the volume human brain. This object is probably not tuned tobe used on such data.
  screening_percentile_ = _adjust_screening_percentile(
/home/bsmith16/.conda/envs/neuralsignature/lib/python3.8/site-packages/nilearn/signal.py:58: UserWarning: Standardization of 3D signal has been requested but would lead to zero values. Skipping.
  warnings.warn('Standardization of 3D signal has been requested but '
/home/bsmith16/.conda/envs/neuralsignature/lib/python3.8/site-packages/nilearn/signal.py:58: UserWarning: Standardization of 3D signal has been requested but would lead to zero values. Skipping.
  warnings.warn('Standardization of 3D signal has been requested but '
/home/bsmith16/.conda/envs/neuralsignature/lib/python3.8/site-packages/nilearn/decoding/decoder.py:143: UserWarning: Use a custom estimator at your own risk of the process not working as intended.
  warnings.warn('Use a custom estimator at your own risk '
/home/bsmith16/.conda/envs/neuralsignature/lib/python3.8/site-packages/nilearn/_utils/param_validation.py:197: UserWarning: Brain mask is smaller than .5% of the volume human brain. This object is probably not tuned tobe used on such data.
  screening_percentile_ = _adjust_screening_percentile(
/home/bsmith16/.conda/envs/neuralsignature/lib/python3.8/site-packages/nilearn/signal.py:58: UserWarning: Standardization of 3D signal has been requested but would lead to zero values. Skipping.
  warnings.warn('Standardization of 3D signal has been requested but '
/home/bsmith16/.conda/envs/neuralsignature/lib/python3.8/site-packages/nilearn/signal.py:58: UserWarning: Standardization of 3D signal has been requested but would lead to zero values. Skipping.
  warnings.warn('Standardization of 3D signal has been requested but '
/home/bsmith16/.conda/envs/neuralsignature/lib/python3.8/site-packages/nilearn/decoding/decoder.py:143: UserWarning: Use a custom estimator at your own risk of the process not working as intended.
  warnings.warn('Use a custom estimator at your own risk '
/home/bsmith16/.conda/envs/neuralsignature/lib/python3.8/site-packages/nilearn/_utils/param_validation.py:197: UserWarning: Brain mask is smaller than .5% of the volume human brain. This object is probably not tuned tobe used on such data.
  screening_percentile_ = _adjust_screening_percentile(
/home/bsmith16/.conda/envs/neuralsignature/lib/python3.8/site-packages/nilearn/signal.py:58: UserWarning: Standardization of 3D signal has been requested but would lead to zero values. Skipping.
  warnings.warn('Standardization of 3D signal has been requested but '
/home/bsmith16/.conda/envs/neuralsignature/lib/python3.8/site-packages/nilearn/signal.py:58: UserWarning: Standardization of 3D signal has been requested but would lead to zero values. Skipping.
  warnings.warn('Standardization of 3D signal has been requested but '
/home/bsmith16/.conda/envs/neuralsignature/lib/python3.8/site-packages/nilearn/decoding/decoder.py:143: UserWarning: Use a custom estimator at your own risk of the process not working as intended.
  warnings.warn('Use a custom estimator at your own risk '
/home/bsmith16/.conda/envs/neuralsignature/lib/python3.8/site-packages/nilearn/_utils/param_validation.py:197: UserWarning: Brain mask is smaller than .5% of the volume human brain. This object is probably not tuned tobe used on such data.
  screening_percentile_ = _adjust_screening_percentile(
/home/bsmith16/.conda/envs/neuralsignature/lib/python3.8/site-packages/nilearn/signal.py:58: UserWarning: Standardization of 3D signal has been requested but would lead to zero values. Skipping.
  warnings.warn('Standardization of 3D signal has been requested but '
/home/bsmith16/.conda/envs/neuralsignature/lib/python3.8/site-packages/nilearn/signal.py:58: UserWarning: Standardization of 3D signal has been requested but would lead to zero values. Skipping.
  warnings.warn('Standardization of 3D signal has been requested but '
/home/bsmith16/.conda/envs/neuralsignature/lib/python3.8/site-packages/nilearn/decoding/decoder.py:143: UserWarning: Use a custom estimator at your own risk of the process not working as intended.
  warnings.warn('Use a custom estimator at your own risk '
/home/bsmith16/.conda/envs/neuralsignature/lib/python3.8/site-packages/nilearn/_utils/param_validation.py:197: UserWarning: Brain mask is smaller than .5% of the volume human brain. This object is probably not tuned tobe used on such data.
  screening_percentile_ = _adjust_screening_percentile(
/home/bsmith16/.conda/envs/neuralsignature/lib/python3.8/site-packages/nilearn/signal.py:58: UserWarning: Standardization of 3D signal has been requested but would lead to zero values. Skipping.
  warnings.warn('Standardization of 3D signal has been requested but '
/home/bsmith16/.conda/envs/neuralsignature/lib/python3.8/site-packages/nilearn/signal.py:58: UserWarning: Standardization of 3D signal has been requested but would lead to zero values. Skipping.
  warnings.warn('Standardization of 3D signal has been requested but '
/home/bsmith16/.conda/envs/neuralsignature/lib/python3.8/site-packages/nilearn/decoding/decoder.py:143: UserWarning: Use a custom estimator at your own risk of the process not working as intended.
  warnings.warn('Use a custom estimator at your own risk '
/home/bsmith16/.conda/envs/neuralsignature/lib/python3.8/site-packages/nilearn/_utils/param_validation.py:197: UserWarning: Brain mask is smaller than .5% of the volume human brain. This object is probably not tuned tobe used on such data.
  screening_percentile_ = _adjust_screening_percentile(
/home/bsmith16/.conda/envs/neuralsignature/lib/python3.8/site-packages/nilearn/signal.py:58: UserWarning: Standardization of 3D signal has been requested but would lead to zero values. Skipping.
  warnings.warn('Standardization of 3D signal has been requested but '
/home/bsmith16/.conda/envs/neuralsignature/lib/python3.8/site-packages/nilearn/signal.py:58: UserWarning: Standardization of 3D signal has been requested but would lead to zero values. Skipping.
  warnings.warn('Standardization of 3D signal has been requested but '
/home/bsmith16/.conda/envs/neuralsignature/lib/python3.8/site-packages/nilearn/decoding/decoder.py:143: UserWarning: Use a custom estimator at your own risk of the process not working as intended.
  warnings.warn('Use a custom estimator at your own risk '
/home/bsmith16/.conda/envs/neuralsignature/lib/python3.8/site-packages/nilearn/_utils/param_validation.py:197: UserWarning: Brain mask is smaller than .5% of the volume human brain. This object is probably not tuned tobe used on such data.
  screening_percentile_ = _adjust_screening_percentile(
/home/bsmith16/.conda/envs/neuralsignature/lib/python3.8/site-packages/nilearn/signal.py:58: UserWarning: Standardization of 3D signal has been requested but would lead to zero values. Skipping.
  warnings.warn('Standardization of 3D signal has been requested but '
/home/bsmith16/.conda/envs/neuralsignature/lib/python3.8/site-packages/nilearn/signal.py:58: UserWarning: Standardization of 3D signal has been requested but would lead to zero values. Skipping.
  warnings.warn('Standardization of 3D signal has been requested but '
/home/bsmith16/.conda/envs/neuralsignature/lib/python3.8/site-packages/nilearn/decoding/decoder.py:143: UserWarning: Use a custom estimator at your own risk of the process not working as intended.
  warnings.warn('Use a custom estimator at your own risk '
/home/bsmith16/.conda/envs/neuralsignature/lib/python3.8/site-packages/nilearn/_utils/param_validation.py:197: UserWarning: Brain mask is smaller than .5% of the volume human brain. This object is probably not tuned tobe used on such data.
  screening_percentile_ = _adjust_screening_percentile(
/home/bsmith16/.conda/envs/neuralsignature/lib/python3.8/site-packages/nilearn/signal.py:58: UserWarning: Standardization of 3D signal has been requested but would lead to zero values. Skipping.
  warnings.warn('Standardization of 3D signal has been requested but '
/home/bsmith16/.conda/envs/neuralsignature/lib/python3.8/site-packages/nilearn/signal.py:58: UserWarning: Standardization of 3D signal has been requested but would lead to zero values. Skipping.
  warnings.warn('Standardization of 3D signal has been requested but '
/home/bsmith16/.conda/envs/neuralsignature/lib/python3.8/site-packages/nilearn/decoding/decoder.py:143: UserWarning: Use a custom estimator at your own risk of the process not working as intended.
  warnings.warn('Use a custom estimator at your own risk '
/home/bsmith16/.conda/envs/neuralsignature/lib/python3.8/site-packages/nilearn/_utils/param_validation.py:197: UserWarning: Brain mask is smaller than .5% of the volume human brain. This object is probably not tuned tobe used on such data.
  screening_percentile_ = _adjust_screening_percentile(
/home/bsmith16/.conda/envs/neuralsignature/lib/python3.8/site-packages/nilearn/signal.py:58: UserWarning: Standardization of 3D signal has been requested but would lead to zero values. Skipping.
  warnings.warn('Standardization of 3D signal has been requested but '
/home/bsmith16/.conda/envs/neuralsignature/lib/python3.8/site-packages/nilearn/signal.py:58: UserWarning: Standardization of 3D signal has been requested but would lead to zero values. Skipping.
  warnings.warn('Standardization of 3D signal has been requested but '
/home/bsmith16/.conda/envs/neuralsignature/lib/python3.8/site-packages/nilearn/decoding/decoder.py:143: UserWarning: Use a custom estimator at your own risk of the process not working as intended.
  warnings.warn('Use a custom estimator at your own risk '
/home/bsmith16/.conda/envs/neuralsignature/lib/python3.8/site-packages/nilearn/_utils/param_validation.py:197: UserWarning: Brain mask is smaller than .5% of the volume human brain. This object is probably not tuned tobe used on such data.
  screening_percentile_ = _adjust_screening_percentile(
/home/bsmith16/.conda/envs/neuralsignature/lib/python3.8/site-packages/nilearn/signal.py:58: UserWarning: Standardization of 3D signal has been requested but would lead to zero values. Skipping.
  warnings.warn('Standardization of 3D signal has been requested but '
/home/bsmith16/.conda/envs/neuralsignature/lib/python3.8/site-packages/nilearn/signal.py:58: UserWarning: Standardization of 3D signal has been requested but would lead to zero values. Skipping.
  warnings.warn('Standardization of 3D signal has been requested but '
/home/bsmith16/.conda/envs/neuralsignature/lib/python3.8/site-packages/nilearn/decoding/decoder.py:143: UserWarning: Use a custom estimator at your own risk of the process not working as intended.
  warnings.warn('Use a custom estimator at your own risk '
/home/bsmith16/.conda/envs/neuralsignature/lib/python3.8/site-packages/nilearn/_utils/param_validation.py:197: UserWarning: Brain mask is smaller than .5% of the volume human brain. This object is probably not tuned tobe used on such data.
  screening_percentile_ = _adjust_screening_percentile(
/home/bsmith16/.conda/envs/neuralsignature/lib/python3.8/site-packages/nilearn/signal.py:58: UserWarning: Standardization of 3D signal has been requested but would lead to zero values. Skipping.
  warnings.warn('Standardization of 3D signal has been requested but '
/home/bsmith16/.conda/envs/neuralsignature/lib/python3.8/site-packages/nilearn/signal.py:58: UserWarning: Standardization of 3D signal has been requested but would lead to zero values. Skipping.
  warnings.warn('Standardization of 3D signal has been requested but '
/home/bsmith16/.conda/envs/neuralsignature/lib/python3.8/site-packages/nilearn/decoding/decoder.py:143: UserWarning: Use a custom estimator at your own risk of the process not working as intended.
  warnings.warn('Use a custom estimator at your own risk '
/home/bsmith16/.conda/envs/neuralsignature/lib/python3.8/site-packages/nilearn/_utils/param_validation.py:197: UserWarning: Brain mask is smaller than .5% of the volume human brain. This object is probably not tuned tobe used on such data.
  screening_percentile_ = _adjust_screening_percentile(
/home/bsmith16/.conda/envs/neuralsignature/lib/python3.8/site-packages/nilearn/signal.py:58: UserWarning: Standardization of 3D signal has been requested but would lead to zero values. Skipping.
  warnings.warn('Standardization of 3D signal has been requested but '
/home/bsmith16/.conda/envs/neuralsignature/lib/python3.8/site-packages/nilearn/signal.py:58: UserWarning: Standardization of 3D signal has been requested but would lead to zero values. Skipping.
  warnings.warn('Standardization of 3D signal has been requested but '
/home/bsmith16/.conda/envs/neuralsignature/lib/python3.8/site-packages/nilearn/decoding/decoder.py:143: UserWarning: Use a custom estimator at your own risk of the process not working as intended.
  warnings.warn('Use a custom estimator at your own risk '
/home/bsmith16/.conda/envs/neuralsignature/lib/python3.8/site-packages/nilearn/_utils/param_validation.py:197: UserWarning: Brain mask is smaller than .5% of the volume human brain. This object is probably not tuned tobe used on such data.
  screening_percentile_ = _adjust_screening_percentile(
/home/bsmith16/.conda/envs/neuralsignature/lib/python3.8/site-packages/nilearn/signal.py:58: UserWarning: Standardization of 3D signal has been requested but would lead to zero values. Skipping.
  warnings.warn('Standardization of 3D signal has been requested but '
/home/bsmith16/.conda/envs/neuralsignature/lib/python3.8/site-packages/nilearn/signal.py:58: UserWarning: Standardization of 3D signal has been requested but would lead to zero values. Skipping.
  warnings.warn('Standardization of 3D signal has been requested but '
/home/bsmith16/.conda/envs/neuralsignature/lib/python3.8/site-packages/nilearn/decoding/decoder.py:143: UserWarning: Use a custom estimator at your own risk of the process not working as intended.
  warnings.warn('Use a custom estimator at your own risk '
/home/bsmith16/.conda/envs/neuralsignature/lib/python3.8/site-packages/nilearn/_utils/param_validation.py:197: UserWarning: Brain mask is smaller than .5% of the volume human brain. This object is probably not tuned tobe used on such data.
  screening_percentile_ = _adjust_screening_percentile(
/home/bsmith16/.conda/envs/neuralsignature/lib/python3.8/site-packages/nilearn/signal.py:58: UserWarning: Standardization of 3D signal has been requested but would lead to zero values. Skipping.
  warnings.warn('Standardization of 3D signal has been requested but '
/home/bsmith16/.conda/envs/neuralsignature/lib/python3.8/site-packages/nilearn/signal.py:58: UserWarning: Standardization of 3D signal has been requested but would lead to zero values. Skipping.
  warnings.warn('Standardization of 3D signal has been requested but '
/home/bsmith16/.conda/envs/neuralsignature/lib/python3.8/site-packages/nilearn/decoding/decoder.py:143: UserWarning: Use a custom estimator at your own risk of the process not working as intended.
  warnings.warn('Use a custom estimator at your own risk '
/home/bsmith16/.conda/envs/neuralsignature/lib/python3.8/site-packages/nilearn/_utils/param_validation.py:197: UserWarning: Brain mask is smaller than .5% of the volume human brain. This object is probably not tuned tobe used on such data.
  screening_percentile_ = _adjust_screening_percentile(
/home/bsmith16/.conda/envs/neuralsignature/lib/python3.8/site-packages/nilearn/signal.py:58: UserWarning: Standardization of 3D signal has been requested but would lead to zero values. Skipping.
  warnings.warn('Standardization of 3D signal has been requested but '
/home/bsmith16/.conda/envs/neuralsignature/lib/python3.8/site-packages/nilearn/signal.py:58: UserWarning: Standardization of 3D signal has been requested but would lead to zero values. Skipping.
  warnings.warn('Standardization of 3D signal has been requested but '
/home/bsmith16/.conda/envs/neuralsignature/lib/python3.8/site-packages/nilearn/decoding/decoder.py:143: UserWarning: Use a custom estimator at your own risk of the process not working as intended.
  warnings.warn('Use a custom estimator at your own risk '
/home/bsmith16/.conda/envs/neuralsignature/lib/python3.8/site-packages/nilearn/_utils/param_validation.py:197: UserWarning: Brain mask is smaller than .5% of the volume human brain. This object is probably not tuned tobe used on such data.
  screening_percentile_ = _adjust_screening_percentile(
/home/bsmith16/.conda/envs/neuralsignature/lib/python3.8/site-packages/nilearn/signal.py:58: UserWarning: Standardization of 3D signal has been requested but would lead to zero values. Skipping.
  warnings.warn('Standardization of 3D signal has been requested but '
/home/bsmith16/.conda/envs/neuralsignature/lib/python3.8/site-packages/nilearn/signal.py:58: UserWarning: Standardization of 3D signal has been requested but would lead to zero values. Skipping.
  warnings.warn('Standardization of 3D signal has been requested but '
/home/bsmith16/.conda/envs/neuralsignature/lib/python3.8/site-packages/nilearn/decoding/decoder.py:143: UserWarning: Use a custom estimator at your own risk of the process not working as intended.
  warnings.warn('Use a custom estimator at your own risk '
/home/bsmith16/.conda/envs/neuralsignature/lib/python3.8/site-packages/nilearn/_utils/param_validation.py:197: UserWarning: Brain mask is smaller than .5% of the volume human brain. This object is probably not tuned tobe used on such data.
  screening_percentile_ = _adjust_screening_percentile(
/home/bsmith16/.conda/envs/neuralsignature/lib/python3.8/site-packages/nilearn/signal.py:58: UserWarning: Standardization of 3D signal has been requested but would lead to zero values. Skipping.
  warnings.warn('Standardization of 3D signal has been requested but '
/home/bsmith16/.conda/envs/neuralsignature/lib/python3.8/site-packages/nilearn/signal.py:58: UserWarning: Standardization of 3D signal has been requested but would lead to zero values. Skipping.
  warnings.warn('Standardization of 3D signal has been requested but '
/home/bsmith16/.conda/envs/neuralsignature/lib/python3.8/site-packages/nilearn/decoding/decoder.py:143: UserWarning: Use a custom estimator at your own risk of the process not working as intended.
  warnings.warn('Use a custom estimator at your own risk '
/home/bsmith16/.conda/envs/neuralsignature/lib/python3.8/site-packages/nilearn/_utils/param_validation.py:197: UserWarning: Brain mask is smaller than .5% of the volume human brain. This object is probably not tuned tobe used on such data.
  screening_percentile_ = _adjust_screening_percentile(
/home/bsmith16/.conda/envs/neuralsignature/lib/python3.8/site-packages/nilearn/signal.py:58: UserWarning: Standardization of 3D signal has been requested but would lead to zero values. Skipping.
  warnings.warn('Standardization of 3D signal has been requested but '
/home/bsmith16/.conda/envs/neuralsignature/lib/python3.8/site-packages/nilearn/signal.py:58: UserWarning: Standardization of 3D signal has been requested but would lead to zero values. Skipping.
  warnings.warn('Standardization of 3D signal has been requested but '
/home/bsmith16/.conda/envs/neuralsignature/lib/python3.8/site-packages/nilearn/decoding/decoder.py:143: UserWarning: Use a custom estimator at your own risk of the process not working as intended.
  warnings.warn('Use a custom estimator at your own risk '
/home/bsmith16/.conda/envs/neuralsignature/lib/python3.8/site-packages/nilearn/_utils/param_validation.py:197: UserWarning: Brain mask is smaller than .5% of the volume human brain. This object is probably not tuned tobe used on such data.
  screening_percentile_ = _adjust_screening_percentile(
/home/bsmith16/.conda/envs/neuralsignature/lib/python3.8/site-packages/nilearn/signal.py:58: UserWarning: Standardization of 3D signal has been requested but would lead to zero values. Skipping.
  warnings.warn('Standardization of 3D signal has been requested but '
/home/bsmith16/.conda/envs/neuralsignature/lib/python3.8/site-packages/nilearn/signal.py:58: UserWarning: Standardization of 3D signal has been requested but would lead to zero values. Skipping.
  warnings.warn('Standardization of 3D signal has been requested but '
/home/bsmith16/.conda/envs/neuralsignature/lib/python3.8/site-packages/nilearn/decoding/decoder.py:143: UserWarning: Use a custom estimator at your own risk of the process not working as intended.
  warnings.warn('Use a custom estimator at your own risk '
/home/bsmith16/.conda/envs/neuralsignature/lib/python3.8/site-packages/nilearn/_utils/param_validation.py:197: UserWarning: Brain mask is smaller than .5% of the volume human brain. This object is probably not tuned tobe used on such data.
  screening_percentile_ = _adjust_screening_percentile(
/home/bsmith16/.conda/envs/neuralsignature/lib/python3.8/site-packages/nilearn/signal.py:58: UserWarning: Standardization of 3D signal has been requested but would lead to zero values. Skipping.
  warnings.warn('Standardization of 3D signal has been requested but '
/home/bsmith16/.conda/envs/neuralsignature/lib/python3.8/site-packages/nilearn/signal.py:58: UserWarning: Standardization of 3D signal has been requested but would lead to zero values. Skipping.
  warnings.warn('Standardization of 3D signal has been requested but '
/home/bsmith16/.conda/envs/neuralsignature/lib/python3.8/site-packages/nilearn/decoding/decoder.py:143: UserWarning: Use a custom estimator at your own risk of the process not working as intended.
  warnings.warn('Use a custom estimator at your own risk '
/home/bsmith16/.conda/envs/neuralsignature/lib/python3.8/site-packages/nilearn/_utils/param_validation.py:197: UserWarning: Brain mask is smaller than .5% of the volume human brain. This object is probably not tuned tobe used on such data.
  screening_percentile_ = _adjust_screening_percentile(
/home/bsmith16/.conda/envs/neuralsignature/lib/python3.8/site-packages/nilearn/signal.py:58: UserWarning: Standardization of 3D signal has been requested but would lead to zero values. Skipping.
  warnings.warn('Standardization of 3D signal has been requested but '
/home/bsmith16/.conda/envs/neuralsignature/lib/python3.8/site-packages/nilearn/signal.py:58: UserWarning: Standardization of 3D signal has been requested but would lead to zero values. Skipping.
  warnings.warn('Standardization of 3D signal has been requested but '
/home/bsmith16/.conda/envs/neuralsignature/lib/python3.8/site-packages/nilearn/decoding/decoder.py:143: UserWarning: Use a custom estimator at your own risk of the process not working as intended.
  warnings.warn('Use a custom estimator at your own risk '
/home/bsmith16/.conda/envs/neuralsignature/lib/python3.8/site-packages/nilearn/_utils/param_validation.py:197: UserWarning: Brain mask is smaller than .5% of the volume human brain. This object is probably not tuned tobe used on such data.
  screening_percentile_ = _adjust_screening_percentile(
/home/bsmith16/.conda/envs/neuralsignature/lib/python3.8/site-packages/nilearn/signal.py:58: UserWarning: Standardization of 3D signal has been requested but would lead to zero values. Skipping.
  warnings.warn('Standardization of 3D signal has been requested but '
/home/bsmith16/.conda/envs/neuralsignature/lib/python3.8/site-packages/nilearn/signal.py:58: UserWarning: Standardization of 3D signal has been requested but would lead to zero values. Skipping.
  warnings.warn('Standardization of 3D signal has been requested but '
/home/bsmith16/.conda/envs/neuralsignature/lib/python3.8/site-packages/nilearn/decoding/decoder.py:143: UserWarning: Use a custom estimator at your own risk of the process not working as intended.
  warnings.warn('Use a custom estimator at your own risk '
/home/bsmith16/.conda/envs/neuralsignature/lib/python3.8/site-packages/nilearn/_utils/param_validation.py:197: UserWarning: Brain mask is smaller than .5% of the volume human brain. This object is probably not tuned tobe used on such data.
  screening_percentile_ = _adjust_screening_percentile(
/home/bsmith16/.conda/envs/neuralsignature/lib/python3.8/site-packages/nilearn/signal.py:58: UserWarning: Standardization of 3D signal has been requested but would lead to zero values. Skipping.
  warnings.warn('Standardization of 3D signal has been requested but '
/home/bsmith16/.conda/envs/neuralsignature/lib/python3.8/site-packages/nilearn/signal.py:58: UserWarning: Standardization of 3D signal has been requested but would lead to zero values. Skipping.
  warnings.warn('Standardization of 3D signal has been requested but '
/home/bsmith16/.conda/envs/neuralsignature/lib/python3.8/site-packages/nilearn/decoding/decoder.py:143: UserWarning: Use a custom estimator at your own risk of the process not working as intended.
  warnings.warn('Use a custom estimator at your own risk '
/home/bsmith16/.conda/envs/neuralsignature/lib/python3.8/site-packages/nilearn/_utils/param_validation.py:197: UserWarning: Brain mask is smaller than .5% of the volume human brain. This object is probably not tuned tobe used on such data.
  screening_percentile_ = _adjust_screening_percentile(
/home/bsmith16/.conda/envs/neuralsignature/lib/python3.8/site-packages/nilearn/signal.py:58: UserWarning: Standardization of 3D signal has been requested but would lead to zero values. Skipping.
  warnings.warn('Standardization of 3D signal has been requested but '
/home/bsmith16/.conda/envs/neuralsignature/lib/python3.8/site-packages/nilearn/signal.py:58: UserWarning: Standardization of 3D signal has been requested but would lead to zero values. Skipping.
  warnings.warn('Standardization of 3D signal has been requested but '
/home/bsmith16/.conda/envs/neuralsignature/lib/python3.8/site-packages/nilearn/decoding/decoder.py:143: UserWarning: Use a custom estimator at your own risk of the process not working as intended.
  warnings.warn('Use a custom estimator at your own risk '
/home/bsmith16/.conda/envs/neuralsignature/lib/python3.8/site-packages/nilearn/_utils/param_validation.py:197: UserWarning: Brain mask is smaller than .5% of the volume human brain. This object is probably not tuned tobe used on such data.
  screening_percentile_ = _adjust_screening_percentile(
/home/bsmith16/.conda/envs/neuralsignature/lib/python3.8/site-packages/nilearn/signal.py:58: UserWarning: Standardization of 3D signal has been requested but would lead to zero values. Skipping.
  warnings.warn('Standardization of 3D signal has been requested but '
/home/bsmith16/.conda/envs/neuralsignature/lib/python3.8/site-packages/nilearn/signal.py:58: UserWarning: Standardization of 3D signal has been requested but would lead to zero values. Skipping.
  warnings.warn('Standardization of 3D signal has been requested but '
/home/bsmith16/.conda/envs/neuralsignature/lib/python3.8/site-packages/nilearn/decoding/decoder.py:143: UserWarning: Use a custom estimator at your own risk of the process not working as intended.
  warnings.warn('Use a custom estimator at your own risk '
/home/bsmith16/.conda/envs/neuralsignature/lib/python3.8/site-packages/nilearn/_utils/param_validation.py:197: UserWarning: Brain mask is smaller than .5% of the volume human brain. This object is probably not tuned tobe used on such data.
  screening_percentile_ = _adjust_screening_percentile(
/home/bsmith16/.conda/envs/neuralsignature/lib/python3.8/site-packages/nilearn/signal.py:58: UserWarning: Standardization of 3D signal has been requested but would lead to zero values. Skipping.
  warnings.warn('Standardization of 3D signal has been requested but '
/home/bsmith16/.conda/envs/neuralsignature/lib/python3.8/site-packages/nilearn/signal.py:58: UserWarning: Standardization of 3D signal has been requested but would lead to zero values. Skipping.
  warnings.warn('Standardization of 3D signal has been requested but '
/home/bsmith16/.conda/envs/neuralsignature/lib/python3.8/site-packages/nilearn/decoding/decoder.py:143: UserWarning: Use a custom estimator at your own risk of the process not working as intended.
  warnings.warn('Use a custom estimator at your own risk '
/home/bsmith16/.conda/envs/neuralsignature/lib/python3.8/site-packages/nilearn/_utils/param_validation.py:197: UserWarning: Brain mask is smaller than .5% of the volume human brain. This object is probably not tuned tobe used on such data.
  screening_percentile_ = _adjust_screening_percentile(
/home/bsmith16/.conda/envs/neuralsignature/lib/python3.8/site-packages/nilearn/signal.py:58: UserWarning: Standardization of 3D signal has been requested but would lead to zero values. Skipping.
  warnings.warn('Standardization of 3D signal has been requested but '
/home/bsmith16/.conda/envs/neuralsignature/lib/python3.8/site-packages/nilearn/signal.py:58: UserWarning: Standardization of 3D signal has been requested but would lead to zero values. Skipping.
  warnings.warn('Standardization of 3D signal has been requested but '
/home/bsmith16/.conda/envs/neuralsignature/lib/python3.8/site-packages/nilearn/decoding/decoder.py:143: UserWarning: Use a custom estimator at your own risk of the process not working as intended.
  warnings.warn('Use a custom estimator at your own risk '
/home/bsmith16/.conda/envs/neuralsignature/lib/python3.8/site-packages/nilearn/_utils/param_validation.py:197: UserWarning: Brain mask is smaller than .5% of the volume human brain. This object is probably not tuned tobe used on such data.
  screening_percentile_ = _adjust_screening_percentile(
/home/bsmith16/.conda/envs/neuralsignature/lib/python3.8/site-packages/nilearn/signal.py:58: UserWarning: Standardization of 3D signal has been requested but would lead to zero values. Skipping.
  warnings.warn('Standardization of 3D signal has been requested but '
/home/bsmith16/.conda/envs/neuralsignature/lib/python3.8/site-packages/nilearn/signal.py:58: UserWarning: Standardization of 3D signal has been requested but would lead to zero values. Skipping.
  warnings.warn('Standardization of 3D signal has been requested but '
/home/bsmith16/.conda/envs/neuralsignature/lib/python3.8/site-packages/nilearn/decoding/decoder.py:143: UserWarning: Use a custom estimator at your own risk of the process not working as intended.
  warnings.warn('Use a custom estimator at your own risk '
/home/bsmith16/.conda/envs/neuralsignature/lib/python3.8/site-packages/nilearn/_utils/param_validation.py:197: UserWarning: Brain mask is smaller than .5% of the volume human brain. This object is probably not tuned tobe used on such data.
  screening_percentile_ = _adjust_screening_percentile(
/home/bsmith16/.conda/envs/neuralsignature/lib/python3.8/site-packages/nilearn/signal.py:58: UserWarning: Standardization of 3D signal has been requested but would lead to zero values. Skipping.
  warnings.warn('Standardization of 3D signal has been requested but '
/home/bsmith16/.conda/envs/neuralsignature/lib/python3.8/site-packages/nilearn/signal.py:58: UserWarning: Standardization of 3D signal has been requested but would lead to zero values. Skipping.
  warnings.warn('Standardization of 3D signal has been requested but '
/home/bsmith16/.conda/envs/neuralsignature/lib/python3.8/site-packages/nilearn/decoding/decoder.py:143: UserWarning: Use a custom estimator at your own risk of the process not working as intended.
  warnings.warn('Use a custom estimator at your own risk '
/home/bsmith16/.conda/envs/neuralsignature/lib/python3.8/site-packages/nilearn/_utils/param_validation.py:197: UserWarning: Brain mask is smaller than .5% of the volume human brain. This object is probably not tuned tobe used on such data.
  screening_percentile_ = _adjust_screening_percentile(
/home/bsmith16/.conda/envs/neuralsignature/lib/python3.8/site-packages/nilearn/signal.py:58: UserWarning: Standardization of 3D signal has been requested but would lead to zero values. Skipping.
  warnings.warn('Standardization of 3D signal has been requested but '
/home/bsmith16/.conda/envs/neuralsignature/lib/python3.8/site-packages/nilearn/signal.py:58: UserWarning: Standardization of 3D signal has been requested but would lead to zero values. Skipping.
  warnings.warn('Standardization of 3D signal has been requested but '
/home/bsmith16/.conda/envs/neuralsignature/lib/python3.8/site-packages/nilearn/decoding/decoder.py:143: UserWarning: Use a custom estimator at your own risk of the process not working as intended.
  warnings.warn('Use a custom estimator at your own risk '
/home/bsmith16/.conda/envs/neuralsignature/lib/python3.8/site-packages/nilearn/_utils/param_validation.py:197: UserWarning: Brain mask is smaller than .5% of the volume human brain. This object is probably not tuned tobe used on such data.
  screening_percentile_ = _adjust_screening_percentile(
/home/bsmith16/.conda/envs/neuralsignature/lib/python3.8/site-packages/nilearn/signal.py:58: UserWarning: Standardization of 3D signal has been requested but would lead to zero values. Skipping.
  warnings.warn('Standardization of 3D signal has been requested but '
/home/bsmith16/.conda/envs/neuralsignature/lib/python3.8/site-packages/nilearn/signal.py:58: UserWarning: Standardization of 3D signal has been requested but would lead to zero values. Skipping.
  warnings.warn('Standardization of 3D signal has been requested but '
/home/bsmith16/.conda/envs/neuralsignature/lib/python3.8/site-packages/nilearn/decoding/decoder.py:143: UserWarning: Use a custom estimator at your own risk of the process not working as intended.
  warnings.warn('Use a custom estimator at your own risk '
/home/bsmith16/.conda/envs/neuralsignature/lib/python3.8/site-packages/nilearn/_utils/param_validation.py:197: UserWarning: Brain mask is smaller than .5% of the volume human brain. This object is probably not tuned tobe used on such data.
  screening_percentile_ = _adjust_screening_percentile(
/home/bsmith16/.conda/envs/neuralsignature/lib/python3.8/site-packages/nilearn/signal.py:58: UserWarning: Standardization of 3D signal has been requested but would lead to zero values. Skipping.
  warnings.warn('Standardization of 3D signal has been requested but '
/home/bsmith16/.conda/envs/neuralsignature/lib/python3.8/site-packages/nilearn/signal.py:58: UserWarning: Standardization of 3D signal has been requested but would lead to zero values. Skipping.
  warnings.warn('Standardization of 3D signal has been requested but '
/home/bsmith16/.conda/envs/neuralsignature/lib/python3.8/site-packages/nilearn/decoding/decoder.py:143: UserWarning: Use a custom estimator at your own risk of the process not working as intended.
  warnings.warn('Use a custom estimator at your own risk '
/home/bsmith16/.conda/envs/neuralsignature/lib/python3.8/site-packages/nilearn/_utils/param_validation.py:197: UserWarning: Brain mask is smaller than .5% of the volume human brain. This object is probably not tuned tobe used on such data.
  screening_percentile_ = _adjust_screening_percentile(
/home/bsmith16/.conda/envs/neuralsignature/lib/python3.8/site-packages/nilearn/signal.py:58: UserWarning: Standardization of 3D signal has been requested but would lead to zero values. Skipping.
  warnings.warn('Standardization of 3D signal has been requested but '
/home/bsmith16/.conda/envs/neuralsignature/lib/python3.8/site-packages/nilearn/signal.py:58: UserWarning: Standardization of 3D signal has been requested but would lead to zero values. Skipping.
  warnings.warn('Standardization of 3D signal has been requested but '
/home/bsmith16/.conda/envs/neuralsignature/lib/python3.8/site-packages/nilearn/decoding/decoder.py:143: UserWarning: Use a custom estimator at your own risk of the process not working as intended.
  warnings.warn('Use a custom estimator at your own risk '
/home/bsmith16/.conda/envs/neuralsignature/lib/python3.8/site-packages/nilearn/_utils/param_validation.py:197: UserWarning: Brain mask is smaller than .5% of the volume human brain. This object is probably not tuned tobe used on such data.
  screening_percentile_ = _adjust_screening_percentile(
/home/bsmith16/.conda/envs/neuralsignature/lib/python3.8/site-packages/nilearn/signal.py:58: UserWarning: Standardization of 3D signal has been requested but would lead to zero values. Skipping.
  warnings.warn('Standardization of 3D signal has been requested but '
/home/bsmith16/.conda/envs/neuralsignature/lib/python3.8/site-packages/nilearn/signal.py:58: UserWarning: Standardization of 3D signal has been requested but would lead to zero values. Skipping.
  warnings.warn('Standardization of 3D signal has been requested but '
/home/bsmith16/.conda/envs/neuralsignature/lib/python3.8/site-packages/nilearn/decoding/decoder.py:143: UserWarning: Use a custom estimator at your own risk of the process not working as intended.
  warnings.warn('Use a custom estimator at your own risk '
/home/bsmith16/.conda/envs/neuralsignature/lib/python3.8/site-packages/nilearn/_utils/param_validation.py:197: UserWarning: Brain mask is smaller than .5% of the volume human brain. This object is probably not tuned tobe used on such data.
  screening_percentile_ = _adjust_screening_percentile(
/home/bsmith16/.conda/envs/neuralsignature/lib/python3.8/site-packages/nilearn/signal.py:58: UserWarning: Standardization of 3D signal has been requested but would lead to zero values. Skipping.
  warnings.warn('Standardization of 3D signal has been requested but '
/home/bsmith16/.conda/envs/neuralsignature/lib/python3.8/site-packages/nilearn/signal.py:58: UserWarning: Standardization of 3D signal has been requested but would lead to zero values. Skipping.
  warnings.warn('Standardization of 3D signal has been requested but '
/home/bsmith16/.conda/envs/neuralsignature/lib/python3.8/site-packages/nilearn/decoding/decoder.py:143: UserWarning: Use a custom estimator at your own risk of the process not working as intended.
  warnings.warn('Use a custom estimator at your own risk '
/home/bsmith16/.conda/envs/neuralsignature/lib/python3.8/site-packages/nilearn/_utils/param_validation.py:197: UserWarning: Brain mask is smaller than .5% of the volume human brain. This object is probably not tuned tobe used on such data.
  screening_percentile_ = _adjust_screening_percentile(
/home/bsmith16/.conda/envs/neuralsignature/lib/python3.8/site-packages/nilearn/signal.py:58: UserWarning: Standardization of 3D signal has been requested but would lead to zero values. Skipping.
  warnings.warn('Standardization of 3D signal has been requested but '
/home/bsmith16/.conda/envs/neuralsignature/lib/python3.8/site-packages/nilearn/signal.py:58: UserWarning: Standardization of 3D signal has been requested but would lead to zero values. Skipping.
  warnings.warn('Standardization of 3D signal has been requested but '
/home/bsmith16/.conda/envs/neuralsignature/lib/python3.8/site-packages/nilearn/decoding/decoder.py:143: UserWarning: Use a custom estimator at your own risk of the process not working as intended.
  warnings.warn('Use a custom estimator at your own risk '
/home/bsmith16/.conda/envs/neuralsignature/lib/python3.8/site-packages/nilearn/_utils/param_validation.py:197: UserWarning: Brain mask is smaller than .5% of the volume human brain. This object is probably not tuned tobe used on such data.
  screening_percentile_ = _adjust_screening_percentile(
/home/bsmith16/.conda/envs/neuralsignature/lib/python3.8/site-packages/nilearn/signal.py:58: UserWarning: Standardization of 3D signal has been requested but would lead to zero values. Skipping.
  warnings.warn('Standardization of 3D signal has been requested but '
/home/bsmith16/.conda/envs/neuralsignature/lib/python3.8/site-packages/nilearn/signal.py:58: UserWarning: Standardization of 3D signal has been requested but would lead to zero values. Skipping.
  warnings.warn('Standardization of 3D signal has been requested but '
/home/bsmith16/.conda/envs/neuralsignature/lib/python3.8/site-packages/nilearn/decoding/decoder.py:143: UserWarning: Use a custom estimator at your own risk of the process not working as intended.
  warnings.warn('Use a custom estimator at your own risk '
/home/bsmith16/.conda/envs/neuralsignature/lib/python3.8/site-packages/nilearn/_utils/param_validation.py:197: UserWarning: Brain mask is smaller than .5% of the volume human brain. This object is probably not tuned tobe used on such data.
  screening_percentile_ = _adjust_screening_percentile(
/home/bsmith16/.conda/envs/neuralsignature/lib/python3.8/site-packages/nilearn/signal.py:58: UserWarning: Standardization of 3D signal has been requested but would lead to zero values. Skipping.
  warnings.warn('Standardization of 3D signal has been requested but '
/home/bsmith16/.conda/envs/neuralsignature/lib/python3.8/site-packages/nilearn/signal.py:58: UserWarning: Standardization of 3D signal has been requested but would lead to zero values. Skipping.
  warnings.warn('Standardization of 3D signal has been requested but '
/home/bsmith16/.conda/envs/neuralsignature/lib/python3.8/site-packages/nilearn/decoding/decoder.py:143: UserWarning: Use a custom estimator at your own risk of the process not working as intended.
  warnings.warn('Use a custom estimator at your own risk '
/home/bsmith16/.conda/envs/neuralsignature/lib/python3.8/site-packages/nilearn/_utils/param_validation.py:197: UserWarning: Brain mask is smaller than .5% of the volume human brain. This object is probably not tuned tobe used on such data.
  screening_percentile_ = _adjust_screening_percentile(
/home/bsmith16/.conda/envs/neuralsignature/lib/python3.8/site-packages/nilearn/signal.py:58: UserWarning: Standardization of 3D signal has been requested but would lead to zero values. Skipping.
  warnings.warn('Standardization of 3D signal has been requested but '
/home/bsmith16/.conda/envs/neuralsignature/lib/python3.8/site-packages/nilearn/signal.py:58: UserWarning: Standardization of 3D signal has been requested but would lead to zero values. Skipping.
  warnings.warn('Standardization of 3D signal has been requested but '
/home/bsmith16/.conda/envs/neuralsignature/lib/python3.8/site-packages/nilearn/decoding/decoder.py:143: UserWarning: Use a custom estimator at your own risk of the process not working as intended.
  warnings.warn('Use a custom estimator at your own risk '
/home/bsmith16/.conda/envs/neuralsignature/lib/python3.8/site-packages/nilearn/_utils/param_validation.py:197: UserWarning: Brain mask is smaller than .5% of the volume human brain. This object is probably not tuned tobe used on such data.
  screening_percentile_ = _adjust_screening_percentile(
/home/bsmith16/.conda/envs/neuralsignature/lib/python3.8/site-packages/nilearn/signal.py:58: UserWarning: Standardization of 3D signal has been requested but would lead to zero values. Skipping.
  warnings.warn('Standardization of 3D signal has been requested but '
/home/bsmith16/.conda/envs/neuralsignature/lib/python3.8/site-packages/nilearn/signal.py:58: UserWarning: Standardization of 3D signal has been requested but would lead to zero values. Skipping.
  warnings.warn('Standardization of 3D signal has been requested but '
/home/bsmith16/.conda/envs/neuralsignature/lib/python3.8/site-packages/nilearn/decoding/decoder.py:143: UserWarning: Use a custom estimator at your own risk of the process not working as intended.
  warnings.warn('Use a custom estimator at your own risk '
/home/bsmith16/.conda/envs/neuralsignature/lib/python3.8/site-packages/nilearn/_utils/param_validation.py:197: UserWarning: Brain mask is smaller than .5% of the volume human brain. This object is probably not tuned tobe used on such data.
  screening_percentile_ = _adjust_screening_percentile(
/home/bsmith16/.conda/envs/neuralsignature/lib/python3.8/site-packages/nilearn/signal.py:58: UserWarning: Standardization of 3D signal has been requested but would lead to zero values. Skipping.
  warnings.warn('Standardization of 3D signal has been requested but '
/home/bsmith16/.conda/envs/neuralsignature/lib/python3.8/site-packages/nilearn/signal.py:58: UserWarning: Standardization of 3D signal has been requested but would lead to zero values. Skipping.
  warnings.warn('Standardization of 3D signal has been requested but '
/home/bsmith16/.conda/envs/neuralsignature/lib/python3.8/site-packages/nilearn/decoding/decoder.py:143: UserWarning: Use a custom estimator at your own risk of the process not working as intended.
  warnings.warn('Use a custom estimator at your own risk '
/home/bsmith16/.conda/envs/neuralsignature/lib/python3.8/site-packages/nilearn/_utils/param_validation.py:197: UserWarning: Brain mask is smaller than .5% of the volume human brain. This object is probably not tuned tobe used on such data.
  screening_percentile_ = _adjust_screening_percentile(
/home/bsmith16/.conda/envs/neuralsignature/lib/python3.8/site-packages/nilearn/signal.py:58: UserWarning: Standardization of 3D signal has been requested but would lead to zero values. Skipping.
  warnings.warn('Standardization of 3D signal has been requested but '
/home/bsmith16/.conda/envs/neuralsignature/lib/python3.8/site-packages/nilearn/signal.py:58: UserWarning: Standardization of 3D signal has been requested but would lead to zero values. Skipping.
  warnings.warn('Standardization of 3D signal has been requested but '
/home/bsmith16/.conda/envs/neuralsignature/lib/python3.8/site-packages/nilearn/decoding/decoder.py:143: UserWarning: Use a custom estimator at your own risk of the process not working as intended.
  warnings.warn('Use a custom estimator at your own risk '
/home/bsmith16/.conda/envs/neuralsignature/lib/python3.8/site-packages/nilearn/_utils/param_validation.py:197: UserWarning: Brain mask is smaller than .5% of the volume human brain. This object is probably not tuned tobe used on such data.
  screening_percentile_ = _adjust_screening_percentile(
/home/bsmith16/.conda/envs/neuralsignature/lib/python3.8/site-packages/nilearn/signal.py:58: UserWarning: Standardization of 3D signal has been requested but would lead to zero values. Skipping.
  warnings.warn('Standardization of 3D signal has been requested but '
/home/bsmith16/.conda/envs/neuralsignature/lib/python3.8/site-packages/nilearn/signal.py:58: UserWarning: Standardization of 3D signal has been requested but would lead to zero values. Skipping.
  warnings.warn('Standardization of 3D signal has been requested but '
/home/bsmith16/.conda/envs/neuralsignature/lib/python3.8/site-packages/nilearn/decoding/decoder.py:143: UserWarning: Use a custom estimator at your own risk of the process not working as intended.
  warnings.warn('Use a custom estimator at your own risk '
/home/bsmith16/.conda/envs/neuralsignature/lib/python3.8/site-packages/nilearn/_utils/param_validation.py:197: UserWarning: Brain mask is smaller than .5% of the volume human brain. This object is probably not tuned tobe used on such data.
  screening_percentile_ = _adjust_screening_percentile(
/home/bsmith16/.conda/envs/neuralsignature/lib/python3.8/site-packages/nilearn/signal.py:58: UserWarning: Standardization of 3D signal has been requested but would lead to zero values. Skipping.
  warnings.warn('Standardization of 3D signal has been requested but '
/home/bsmith16/.conda/envs/neuralsignature/lib/python3.8/site-packages/nilearn/signal.py:58: UserWarning: Standardization of 3D signal has been requested but would lead to zero values. Skipping.
  warnings.warn('Standardization of 3D signal has been requested but '
/home/bsmith16/.conda/envs/neuralsignature/lib/python3.8/site-packages/nilearn/decoding/decoder.py:143: UserWarning: Use a custom estimator at your own risk of the process not working as intended.
  warnings.warn('Use a custom estimator at your own risk '
/home/bsmith16/.conda/envs/neuralsignature/lib/python3.8/site-packages/nilearn/_utils/param_validation.py:197: UserWarning: Brain mask is smaller than .5% of the volume human brain. This object is probably not tuned tobe used on such data.
  screening_percentile_ = _adjust_screening_percentile(
/home/bsmith16/.conda/envs/neuralsignature/lib/python3.8/site-packages/nilearn/signal.py:58: UserWarning: Standardization of 3D signal has been requested but would lead to zero values. Skipping.
  warnings.warn('Standardization of 3D signal has been requested but '
/home/bsmith16/.conda/envs/neuralsignature/lib/python3.8/site-packages/nilearn/signal.py:58: UserWarning: Standardization of 3D signal has been requested but would lead to zero values. Skipping.
  warnings.warn('Standardization of 3D signal has been requested but '
/home/bsmith16/.conda/envs/neuralsignature/lib/python3.8/site-packages/nilearn/decoding/decoder.py:143: UserWarning: Use a custom estimator at your own risk of the process not working as intended.
  warnings.warn('Use a custom estimator at your own risk '
/home/bsmith16/.conda/envs/neuralsignature/lib/python3.8/site-packages/nilearn/_utils/param_validation.py:197: UserWarning: Brain mask is smaller than .5% of the volume human brain. This object is probably not tuned tobe used on such data.
  screening_percentile_ = _adjust_screening_percentile(
/home/bsmith16/.conda/envs/neuralsignature/lib/python3.8/site-packages/nilearn/signal.py:58: UserWarning: Standardization of 3D signal has been requested but would lead to zero values. Skipping.
  warnings.warn('Standardization of 3D signal has been requested but '
/home/bsmith16/.conda/envs/neuralsignature/lib/python3.8/site-packages/nilearn/signal.py:58: UserWarning: Standardization of 3D signal has been requested but would lead to zero values. Skipping.
  warnings.warn('Standardization of 3D signal has been requested but '
/home/bsmith16/.conda/envs/neuralsignature/lib/python3.8/site-packages/nilearn/decoding/decoder.py:143: UserWarning: Use a custom estimator at your own risk of the process not working as intended.
  warnings.warn('Use a custom estimator at your own risk '
/home/bsmith16/.conda/envs/neuralsignature/lib/python3.8/site-packages/nilearn/_utils/param_validation.py:197: UserWarning: Brain mask is smaller than .5% of the volume human brain. This object is probably not tuned tobe used on such data.
  screening_percentile_ = _adjust_screening_percentile(
/home/bsmith16/.conda/envs/neuralsignature/lib/python3.8/site-packages/nilearn/signal.py:58: UserWarning: Standardization of 3D signal has been requested but would lead to zero values. Skipping.
  warnings.warn('Standardization of 3D signal has been requested but '
/home/bsmith16/.conda/envs/neuralsignature/lib/python3.8/site-packages/nilearn/signal.py:58: UserWarning: Standardization of 3D signal has been requested but would lead to zero values. Skipping.
  warnings.warn('Standardization of 3D signal has been requested but '
/home/bsmith16/.conda/envs/neuralsignature/lib/python3.8/site-packages/nilearn/decoding/decoder.py:143: UserWarning: Use a custom estimator at your own risk of the process not working as intended.
  warnings.warn('Use a custom estimator at your own risk '
/home/bsmith16/.conda/envs/neuralsignature/lib/python3.8/site-packages/nilearn/_utils/param_validation.py:197: UserWarning: Brain mask is smaller than .5% of the volume human brain. This object is probably not tuned tobe used on such data.
  screening_percentile_ = _adjust_screening_percentile(
/home/bsmith16/.conda/envs/neuralsignature/lib/python3.8/site-packages/nilearn/signal.py:58: UserWarning: Standardization of 3D signal has been requested but would lead to zero values. Skipping.
  warnings.warn('Standardization of 3D signal has been requested but '
/home/bsmith16/.conda/envs/neuralsignature/lib/python3.8/site-packages/nilearn/signal.py:58: UserWarning: Standardization of 3D signal has been requested but would lead to zero values. Skipping.
  warnings.warn('Standardization of 3D signal has been requested but '
/home/bsmith16/.conda/envs/neuralsignature/lib/python3.8/site-packages/nilearn/decoding/decoder.py:143: UserWarning: Use a custom estimator at your own risk of the process not working as intended.
  warnings.warn('Use a custom estimator at your own risk '
/home/bsmith16/.conda/envs/neuralsignature/lib/python3.8/site-packages/nilearn/_utils/param_validation.py:197: UserWarning: Brain mask is smaller than .5% of the volume human brain. This object is probably not tuned tobe used on such data.
  screening_percentile_ = _adjust_screening_percentile(
/home/bsmith16/.conda/envs/neuralsignature/lib/python3.8/site-packages/nilearn/signal.py:58: UserWarning: Standardization of 3D signal has been requested but would lead to zero values. Skipping.
  warnings.warn('Standardization of 3D signal has been requested but '
/home/bsmith16/.conda/envs/neuralsignature/lib/python3.8/site-packages/nilearn/signal.py:58: UserWarning: Standardization of 3D signal has been requested but would lead to zero values. Skipping.
  warnings.warn('Standardization of 3D signal has been requested but '
/home/bsmith16/.conda/envs/neuralsignature/lib/python3.8/site-packages/nilearn/decoding/decoder.py:143: UserWarning: Use a custom estimator at your own risk of the process not working as intended.
  warnings.warn('Use a custom estimator at your own risk '
/home/bsmith16/.conda/envs/neuralsignature/lib/python3.8/site-packages/nilearn/_utils/param_validation.py:197: UserWarning: Brain mask is smaller than .5% of the volume human brain. This object is probably not tuned tobe used on such data.
  screening_percentile_ = _adjust_screening_percentile(
/home/bsmith16/.conda/envs/neuralsignature/lib/python3.8/site-packages/nilearn/signal.py:58: UserWarning: Standardization of 3D signal has been requested but would lead to zero values. Skipping.
  warnings.warn('Standardization of 3D signal has been requested but '
/home/bsmith16/.conda/envs/neuralsignature/lib/python3.8/site-packages/nilearn/signal.py:58: UserWarning: Standardization of 3D signal has been requested but would lead to zero values. Skipping.
  warnings.warn('Standardization of 3D signal has been requested but '
/home/bsmith16/.conda/envs/neuralsignature/lib/python3.8/site-packages/nilearn/decoding/decoder.py:143: UserWarning: Use a custom estimator at your own risk of the process not working as intended.
  warnings.warn('Use a custom estimator at your own risk '
/home/bsmith16/.conda/envs/neuralsignature/lib/python3.8/site-packages/nilearn/_utils/param_validation.py:197: UserWarning: Brain mask is smaller than .5% of the volume human brain. This object is probably not tuned tobe used on such data.
  screening_percentile_ = _adjust_screening_percentile(
/home/bsmith16/.conda/envs/neuralsignature/lib/python3.8/site-packages/nilearn/signal.py:58: UserWarning: Standardization of 3D signal has been requested but would lead to zero values. Skipping.
  warnings.warn('Standardization of 3D signal has been requested but '
/home/bsmith16/.conda/envs/neuralsignature/lib/python3.8/site-packages/nilearn/signal.py:58: UserWarning: Standardization of 3D signal has been requested but would lead to zero values. Skipping.
  warnings.warn('Standardization of 3D signal has been requested but '
/home/bsmith16/.conda/envs/neuralsignature/lib/python3.8/site-packages/nilearn/decoding/decoder.py:143: UserWarning: Use a custom estimator at your own risk of the process not working as intended.
  warnings.warn('Use a custom estimator at your own risk '
/home/bsmith16/.conda/envs/neuralsignature/lib/python3.8/site-packages/nilearn/_utils/param_validation.py:197: UserWarning: Brain mask is smaller than .5% of the volume human brain. This object is probably not tuned tobe used on such data.
  screening_percentile_ = _adjust_screening_percentile(
/home/bsmith16/.conda/envs/neuralsignature/lib/python3.8/site-packages/nilearn/signal.py:58: UserWarning: Standardization of 3D signal has been requested but would lead to zero values. Skipping.
  warnings.warn('Standardization of 3D signal has been requested but '
/home/bsmith16/.conda/envs/neuralsignature/lib/python3.8/site-packages/nilearn/signal.py:58: UserWarning: Standardization of 3D signal has been requested but would lead to zero values. Skipping.
  warnings.warn('Standardization of 3D signal has been requested but '
/home/bsmith16/.conda/envs/neuralsignature/lib/python3.8/site-packages/nilearn/decoding/decoder.py:143: UserWarning: Use a custom estimator at your own risk of the process not working as intended.
  warnings.warn('Use a custom estimator at your own risk '
/home/bsmith16/.conda/envs/neuralsignature/lib/python3.8/site-packages/nilearn/_utils/param_validation.py:197: UserWarning: Brain mask is smaller than .5% of the volume human brain. This object is probably not tuned tobe used on such data.
  screening_percentile_ = _adjust_screening_percentile(
/home/bsmith16/.conda/envs/neuralsignature/lib/python3.8/site-packages/nilearn/signal.py:58: UserWarning: Standardization of 3D signal has been requested but would lead to zero values. Skipping.
  warnings.warn('Standardization of 3D signal has been requested but '
/home/bsmith16/.conda/envs/neuralsignature/lib/python3.8/site-packages/nilearn/signal.py:58: UserWarning: Standardization of 3D signal has been requested but would lead to zero values. Skipping.
  warnings.warn('Standardization of 3D signal has been requested but '
/home/bsmith16/.conda/envs/neuralsignature/lib/python3.8/site-packages/nilearn/decoding/decoder.py:143: UserWarning: Use a custom estimator at your own risk of the process not working as intended.
  warnings.warn('Use a custom estimator at your own risk '
/home/bsmith16/.conda/envs/neuralsignature/lib/python3.8/site-packages/nilearn/_utils/param_validation.py:197: UserWarning: Brain mask is smaller than .5% of the volume human brain. This object is probably not tuned tobe used on such data.
  screening_percentile_ = _adjust_screening_percentile(
/home/bsmith16/.conda/envs/neuralsignature/lib/python3.8/site-packages/nilearn/signal.py:58: UserWarning: Standardization of 3D signal has been requested but would lead to zero values. Skipping.
  warnings.warn('Standardization of 3D signal has been requested but '
/home/bsmith16/.conda/envs/neuralsignature/lib/python3.8/site-packages/nilearn/signal.py:58: UserWarning: Standardization of 3D signal has been requested but would lead to zero values. Skipping.
  warnings.warn('Standardization of 3D signal has been requested but '
/home/bsmith16/.conda/envs/neuralsignature/lib/python3.8/site-packages/nilearn/decoding/decoder.py:143: UserWarning: Use a custom estimator at your own risk of the process not working as intended.
  warnings.warn('Use a custom estimator at your own risk '
/home/bsmith16/.conda/envs/neuralsignature/lib/python3.8/site-packages/nilearn/_utils/param_validation.py:197: UserWarning: Brain mask is smaller than .5% of the volume human brain. This object is probably not tuned tobe used on such data.
  screening_percentile_ = _adjust_screening_percentile(
/home/bsmith16/.conda/envs/neuralsignature/lib/python3.8/site-packages/nilearn/signal.py:58: UserWarning: Standardization of 3D signal has been requested but would lead to zero values. Skipping.
  warnings.warn('Standardization of 3D signal has been requested but '
/home/bsmith16/.conda/envs/neuralsignature/lib/python3.8/site-packages/nilearn/signal.py:58: UserWarning: Standardization of 3D signal has been requested but would lead to zero values. Skipping.
  warnings.warn('Standardization of 3D signal has been requested but '
/home/bsmith16/.conda/envs/neuralsignature/lib/python3.8/site-packages/nilearn/decoding/decoder.py:143: UserWarning: Use a custom estimator at your own risk of the process not working as intended.
  warnings.warn('Use a custom estimator at your own risk '
/home/bsmith16/.conda/envs/neuralsignature/lib/python3.8/site-packages/nilearn/_utils/param_validation.py:197: UserWarning: Brain mask is smaller than .5% of the volume human brain. This object is probably not tuned tobe used on such data.
  screening_percentile_ = _adjust_screening_percentile(
/home/bsmith16/.conda/envs/neuralsignature/lib/python3.8/site-packages/nilearn/signal.py:58: UserWarning: Standardization of 3D signal has been requested but would lead to zero values. Skipping.
  warnings.warn('Standardization of 3D signal has been requested but '
/home/bsmith16/.conda/envs/neuralsignature/lib/python3.8/site-packages/nilearn/signal.py:58: UserWarning: Standardization of 3D signal has been requested but would lead to zero values. Skipping.
  warnings.warn('Standardization of 3D signal has been requested but '
/home/bsmith16/.conda/envs/neuralsignature/lib/python3.8/site-packages/nilearn/decoding/decoder.py:143: UserWarning: Use a custom estimator at your own risk of the process not working as intended.
  warnings.warn('Use a custom estimator at your own risk '
/home/bsmith16/.conda/envs/neuralsignature/lib/python3.8/site-packages/nilearn/_utils/param_validation.py:197: UserWarning: Brain mask is smaller than .5% of the volume human brain. This object is probably not tuned tobe used on such data.
  screening_percentile_ = _adjust_screening_percentile(
/home/bsmith16/.conda/envs/neuralsignature/lib/python3.8/site-packages/nilearn/signal.py:58: UserWarning: Standardization of 3D signal has been requested but would lead to zero values. Skipping.
  warnings.warn('Standardization of 3D signal has been requested but '
/home/bsmith16/.conda/envs/neuralsignature/lib/python3.8/site-packages/nilearn/signal.py:58: UserWarning: Standardization of 3D signal has been requested but would lead to zero values. Skipping.
  warnings.warn('Standardization of 3D signal has been requested but '
/home/bsmith16/.conda/envs/neuralsignature/lib/python3.8/site-packages/nilearn/decoding/decoder.py:143: UserWarning: Use a custom estimator at your own risk of the process not working as intended.
  warnings.warn('Use a custom estimator at your own risk '
/home/bsmith16/.conda/envs/neuralsignature/lib/python3.8/site-packages/nilearn/_utils/param_validation.py:197: UserWarning: Brain mask is smaller than .5% of the volume human brain. This object is probably not tuned tobe used on such data.
  screening_percentile_ = _adjust_screening_percentile(
/home/bsmith16/.conda/envs/neuralsignature/lib/python3.8/site-packages/nilearn/signal.py:58: UserWarning: Standardization of 3D signal has been requested but would lead to zero values. Skipping.
  warnings.warn('Standardization of 3D signal has been requested but '
/home/bsmith16/.conda/envs/neuralsignature/lib/python3.8/site-packages/nilearn/signal.py:58: UserWarning: Standardization of 3D signal has been requested but would lead to zero values. Skipping.
  warnings.warn('Standardization of 3D signal has been requested but '
/home/bsmith16/.conda/envs/neuralsignature/lib/python3.8/site-packages/nilearn/decoding/decoder.py:143: UserWarning: Use a custom estimator at your own risk of the process not working as intended.
  warnings.warn('Use a custom estimator at your own risk '
/home/bsmith16/.conda/envs/neuralsignature/lib/python3.8/site-packages/nilearn/_utils/param_validation.py:197: UserWarning: Brain mask is smaller than .5% of the volume human brain. This object is probably not tuned tobe used on such data.
  screening_percentile_ = _adjust_screening_percentile(
/home/bsmith16/.conda/envs/neuralsignature/lib/python3.8/site-packages/nilearn/signal.py:58: UserWarning: Standardization of 3D signal has been requested but would lead to zero values. Skipping.
  warnings.warn('Standardization of 3D signal has been requested but '
/home/bsmith16/.conda/envs/neuralsignature/lib/python3.8/site-packages/nilearn/signal.py:58: UserWarning: Standardization of 3D signal has been requested but would lead to zero values. Skipping.
  warnings.warn('Standardization of 3D signal has been requested but '
/home/bsmith16/.conda/envs/neuralsignature/lib/python3.8/site-packages/nilearn/decoding/decoder.py:143: UserWarning: Use a custom estimator at your own risk of the process not working as intended.
  warnings.warn('Use a custom estimator at your own risk '
/home/bsmith16/.conda/envs/neuralsignature/lib/python3.8/site-packages/nilearn/_utils/param_validation.py:197: UserWarning: Brain mask is smaller than .5% of the volume human brain. This object is probably not tuned tobe used on such data.
  screening_percentile_ = _adjust_screening_percentile(
/home/bsmith16/.conda/envs/neuralsignature/lib/python3.8/site-packages/nilearn/signal.py:58: UserWarning: Standardization of 3D signal has been requested but would lead to zero values. Skipping.
  warnings.warn('Standardization of 3D signal has been requested but '
/home/bsmith16/.conda/envs/neuralsignature/lib/python3.8/site-packages/nilearn/signal.py:58: UserWarning: Standardization of 3D signal has been requested but would lead to zero values. Skipping.
  warnings.warn('Standardization of 3D signal has been requested but '
/home/bsmith16/.conda/envs/neuralsignature/lib/python3.8/site-packages/nilearn/decoding/decoder.py:143: UserWarning: Use a custom estimator at your own risk of the process not working as intended.
  warnings.warn('Use a custom estimator at your own risk '
/home/bsmith16/.conda/envs/neuralsignature/lib/python3.8/site-packages/nilearn/_utils/param_validation.py:197: UserWarning: Brain mask is smaller than .5% of the volume human brain. This object is probably not tuned tobe used on such data.
  screening_percentile_ = _adjust_screening_percentile(
/home/bsmith16/.conda/envs/neuralsignature/lib/python3.8/site-packages/nilearn/signal.py:58: UserWarning: Standardization of 3D signal has been requested but would lead to zero values. Skipping.
  warnings.warn('Standardization of 3D signal has been requested but '
/home/bsmith16/.conda/envs/neuralsignature/lib/python3.8/site-packages/nilearn/signal.py:58: UserWarning: Standardization of 3D signal has been requested but would lead to zero values. Skipping.
  warnings.warn('Standardization of 3D signal has been requested but '
/home/bsmith16/.conda/envs/neuralsignature/lib/python3.8/site-packages/nilearn/decoding/decoder.py:143: UserWarning: Use a custom estimator at your own risk of the process not working as intended.
  warnings.warn('Use a custom estimator at your own risk '
/home/bsmith16/.conda/envs/neuralsignature/lib/python3.8/site-packages/nilearn/_utils/param_validation.py:197: UserWarning: Brain mask is smaller than .5% of the volume human brain. This object is probably not tuned tobe used on such data.
  screening_percentile_ = _adjust_screening_percentile(
/home/bsmith16/.conda/envs/neuralsignature/lib/python3.8/site-packages/nilearn/signal.py:58: UserWarning: Standardization of 3D signal has been requested but would lead to zero values. Skipping.
  warnings.warn('Standardization of 3D signal has been requested but '
/home/bsmith16/.conda/envs/neuralsignature/lib/python3.8/site-packages/nilearn/signal.py:58: UserWarning: Standardization of 3D signal has been requested but would lead to zero values. Skipping.
  warnings.warn('Standardization of 3D signal has been requested but '
/home/bsmith16/.conda/envs/neuralsignature/lib/python3.8/site-packages/nilearn/decoding/decoder.py:143: UserWarning: Use a custom estimator at your own risk of the process not working as intended.
  warnings.warn('Use a custom estimator at your own risk '
/home/bsmith16/.conda/envs/neuralsignature/lib/python3.8/site-packages/nilearn/_utils/param_validation.py:197: UserWarning: Brain mask is smaller than .5% of the volume human brain. This object is probably not tuned tobe used on such data.
  screening_percentile_ = _adjust_screening_percentile(
/home/bsmith16/.conda/envs/neuralsignature/lib/python3.8/site-packages/nilearn/signal.py:58: UserWarning: Standardization of 3D signal has been requested but would lead to zero values. Skipping.
  warnings.warn('Standardization of 3D signal has been requested but '
/home/bsmith16/.conda/envs/neuralsignature/lib/python3.8/site-packages/nilearn/signal.py:58: UserWarning: Standardization of 3D signal has been requested but would lead to zero values. Skipping.
  warnings.warn('Standardization of 3D signal has been requested but '
/home/bsmith16/.conda/envs/neuralsignature/lib/python3.8/site-packages/nilearn/decoding/decoder.py:143: UserWarning: Use a custom estimator at your own risk of the process not working as intended.
  warnings.warn('Use a custom estimator at your own risk '
/home/bsmith16/.conda/envs/neuralsignature/lib/python3.8/site-packages/nilearn/_utils/param_validation.py:197: UserWarning: Brain mask is smaller than .5% of the volume human brain. This object is probably not tuned tobe used on such data.
  screening_percentile_ = _adjust_screening_percentile(
/home/bsmith16/.conda/envs/neuralsignature/lib/python3.8/site-packages/nilearn/signal.py:58: UserWarning: Standardization of 3D signal has been requested but would lead to zero values. Skipping.
  warnings.warn('Standardization of 3D signal has been requested but '
/home/bsmith16/.conda/envs/neuralsignature/lib/python3.8/site-packages/nilearn/signal.py:58: UserWarning: Standardization of 3D signal has been requested but would lead to zero values. Skipping.
  warnings.warn('Standardization of 3D signal has been requested but '
/home/bsmith16/.conda/envs/neuralsignature/lib/python3.8/site-packages/nilearn/decoding/decoder.py:143: UserWarning: Use a custom estimator at your own risk of the process not working as intended.
  warnings.warn('Use a custom estimator at your own risk '
/home/bsmith16/.conda/envs/neuralsignature/lib/python3.8/site-packages/nilearn/_utils/param_validation.py:197: UserWarning: Brain mask is smaller than .5% of the volume human brain. This object is probably not tuned tobe used on such data.
  screening_percentile_ = _adjust_screening_percentile(
/home/bsmith16/.conda/envs/neuralsignature/lib/python3.8/site-packages/nilearn/signal.py:58: UserWarning: Standardization of 3D signal has been requested but would lead to zero values. Skipping.
  warnings.warn('Standardization of 3D signal has been requested but '
/home/bsmith16/.conda/envs/neuralsignature/lib/python3.8/site-packages/nilearn/signal.py:58: UserWarning: Standardization of 3D signal has been requested but would lead to zero values. Skipping.
  warnings.warn('Standardization of 3D signal has been requested but '
/home/bsmith16/.conda/envs/neuralsignature/lib/python3.8/site-packages/nilearn/decoding/decoder.py:143: UserWarning: Use a custom estimator at your own risk of the process not working as intended.
  warnings.warn('Use a custom estimator at your own risk '
/home/bsmith16/.conda/envs/neuralsignature/lib/python3.8/site-packages/nilearn/_utils/param_validation.py:197: UserWarning: Brain mask is smaller than .5% of the volume human brain. This object is probably not tuned tobe used on such data.
  screening_percentile_ = _adjust_screening_percentile(
/home/bsmith16/.conda/envs/neuralsignature/lib/python3.8/site-packages/nilearn/signal.py:58: UserWarning: Standardization of 3D signal has been requested but would lead to zero values. Skipping.
  warnings.warn('Standardization of 3D signal has been requested but '
/home/bsmith16/.conda/envs/neuralsignature/lib/python3.8/site-packages/nilearn/signal.py:58: UserWarning: Standardization of 3D signal has been requested but would lead to zero values. Skipping.
  warnings.warn('Standardization of 3D signal has been requested but '
/home/bsmith16/.conda/envs/neuralsignature/lib/python3.8/site-packages/nilearn/decoding/decoder.py:143: UserWarning: Use a custom estimator at your own risk of the process not working as intended.
  warnings.warn('Use a custom estimator at your own risk '
/home/bsmith16/.conda/envs/neuralsignature/lib/python3.8/site-packages/nilearn/_utils/param_validation.py:197: UserWarning: Brain mask is smaller than .5% of the volume human brain. This object is probably not tuned tobe used on such data.
  screening_percentile_ = _adjust_screening_percentile(
/home/bsmith16/.conda/envs/neuralsignature/lib/python3.8/site-packages/nilearn/signal.py:58: UserWarning: Standardization of 3D signal has been requested but would lead to zero values. Skipping.
  warnings.warn('Standardization of 3D signal has been requested but '
/home/bsmith16/.conda/envs/neuralsignature/lib/python3.8/site-packages/nilearn/signal.py:58: UserWarning: Standardization of 3D signal has been requested but would lead to zero values. Skipping.
  warnings.warn('Standardization of 3D signal has been requested but '
/home/bsmith16/.conda/envs/neuralsignature/lib/python3.8/site-packages/nilearn/decoding/decoder.py:143: UserWarning: Use a custom estimator at your own risk of the process not working as intended.
  warnings.warn('Use a custom estimator at your own risk '
/home/bsmith16/.conda/envs/neuralsignature/lib/python3.8/site-packages/nilearn/_utils/param_validation.py:197: UserWarning: Brain mask is smaller than .5% of the volume human brain. This object is probably not tuned tobe used on such data.
  screening_percentile_ = _adjust_screening_percentile(
/home/bsmith16/.conda/envs/neuralsignature/lib/python3.8/site-packages/nilearn/signal.py:58: UserWarning: Standardization of 3D signal has been requested but would lead to zero values. Skipping.
  warnings.warn('Standardization of 3D signal has been requested but '
/home/bsmith16/.conda/envs/neuralsignature/lib/python3.8/site-packages/nilearn/signal.py:58: UserWarning: Standardization of 3D signal has been requested but would lead to zero values. Skipping.
  warnings.warn('Standardization of 3D signal has been requested but '
/home/bsmith16/.conda/envs/neuralsignature/lib/python3.8/site-packages/nilearn/decoding/decoder.py:143: UserWarning: Use a custom estimator at your own risk of the process not working as intended.
  warnings.warn('Use a custom estimator at your own risk '
/home/bsmith16/.conda/envs/neuralsignature/lib/python3.8/site-packages/nilearn/_utils/param_validation.py:197: UserWarning: Brain mask is smaller than .5% of the volume human brain. This object is probably not tuned tobe used on such data.
  screening_percentile_ = _adjust_screening_percentile(
