01/19/22 18:25:46
running python script ml-ns_on_self_report_batch.py with arguments -m
arg pass maskpath is: /gpfs/projects/sanlab/shared/DEV/nonbids_data/fMRI/ml/masks/response_inhibition_related/harvardoxford/harvardoxford-cortical_prob_Cingulate Gyrus, posterior division.nii.gz
regression_var is: TESQ_E_sum
sourcepath is: /SST/Brain_Data_conditions_84subs_correct_go_w_supplementary.pkl
outpath is: /gpfs/projects/sanlab/shared/DEV/nonbids_data/fMRI/ml/SST/regress_sr_TESQ_E_sum/correct_go/regress_sr_TESQ_E_sum_84subs_harvardoxford-cortical_prob_Cingulate Gyrus, posterior division.pkl
python initialized for apply_loocv_and_save
40 36
40
arg pass maskpath is: /gpfs/projects/sanlab/shared/DEV/nonbids_data/fMRI/ml/masks/response_inhibition_related/harvardoxford/harvardoxford-cortical_prob_Cingulate Gyrus, posterior division.nii.gz
regression_var is: TESQ_E_sum
sourcepath is: /SST/Brain_Data_conditions_84subs_correct_go_w_supplementary.pkl
outpath is: /gpfs/projects/sanlab/shared/DEV/nonbids_data/fMRI/ml/SST/regress_sr_TESQ_E_sum/correct_go/regress_sr_TESQ_E_sum_84subs_harvardoxford-cortical_prob_Cingulate Gyrus, posterior division.pkl
<IPython.core.display.Markdown object>
checked for intersection and no intersection between the brain data and the subjects was found.
there were 58 subjects overlapping between the subjects marked for train data and the training dump file itself.
test_train_set: 9549
pkl_file: 168
brain_data_filepath: 166
train_test_markers_filepath: 141
response_transform_func: 136
sys: 72
clean: 60
Brain_Data_allsubs: 48
subjs_to_use: 16
78
84
starting LeaveOneOut
finished preprocessing
Groups are the same.
fold 1 of 78
In order to test on a training group of 77 items, holding out the following subjects:['DEV010']. prepping fold data.... fitting.... 635.7 MiB. trying decoder 1 of 1. 