01/24/22 17:14:01
running python script TESQ-ml-ns_on_self_report_tesq-e-3.py
python initialized for apply_loocv_and_save
cpus available; cpus to use:
40 36
40
/gpfs/projects/sanlab/shared/DEV/nonbids_data/fMRI/ml/SST/regress_sr_TESQ_E_sum/correct_stop/regress_sr_TESQ_E_sum_84subs_wholebrain.pkl
<IPython.core.display.HTML object>
<IPython.core.display.HTML object>
<IPython.core.display.HTML object>
/gpfs/projects/sanlab/shared/DEV/nonbids_data/fMRI/ml/SST/regress_sr_TESQ_E_sum/correct_go/regress_sr_TESQ_E_sum_84subs_wholebrain.pkl
<IPython.core.display.HTML object>
<IPython.core.display.HTML object>
<IPython.core.display.HTML object>
/gpfs/projects/sanlab/shared/DEV/nonbids_data/fMRI/ml/SST/regress_sr_TESQ_E_distraction/correct_stop/regress_sr_TESQ_E_distraction_84subs_wholebrain.pkl
<IPython.core.display.HTML object>
<IPython.core.display.HTML object>
<IPython.core.display.HTML object>
/gpfs/projects/sanlab/shared/DEV/nonbids_data/fMRI/ml/SST/regress_sr_TESQ_E_distraction/correct_go/regress_sr_TESQ_E_distraction_84subs_wholebrain.pkl
<IPython.core.display.HTML object>
<IPython.core.display.HTML object>
<IPython.core.display.HTML object>
/gpfs/projects/sanlab/shared/DEV/nonbids_data/fMRI/ml/SST/regress_sr_TESQ_E_suppression/correct_stop/regress_sr_TESQ_E_suppression_84subs_wholebrain.pkl
<IPython.core.display.HTML object>
<IPython.core.display.HTML object>
<IPython.core.display.HTML object>
/gpfs/projects/sanlab/shared/DEV/nonbids_data/fMRI/ml/SST/regress_sr_TESQ_E_suppression/correct_go/regress_sr_TESQ_E_suppression_84subs_wholebrain.pkl
<IPython.core.display.HTML object>
<IPython.core.display.HTML object>
<IPython.core.display.HTML object>
harvardoxford-cortical_prob_Superior Frontal Gyrus.nii.gz
<IPython.core.display.Markdown object>
finished running script TESQ-ml-ns_on_self_report_tesq-e-3.py
01/24/22 17:14:31
